   Compiling cswap v0.1.0 (/home/dylan/git/constant-swap)
warning: unused `#[macro_use]` import
 --> src/lib.rs:1:1
  |
1 | #[macro_use]
  | ^^^^^^^^^^^^
  |
  = note: `#[warn(unused_imports)]` on by default

warning: variant `QF_SLIA` should have an upper camel case name
  --> src/parser.rs:89:5
   |
89 |     QF_SLIA(),
   |     ^^^^^^^ help: convert the identifier to upper camel case: `QfSlia`
   |
   = note: `#[warn(non_camel_case_types)]` on by default

warning: unused import: `rand_core::RngCore`
 --> src/lib.rs:9:5
  |
9 | use rand_core::RngCore;
  |     ^^^^^^^^^^^^^^^^^^

warning: unused import: `itertools::Itertools`
  --> src/lib.rs:20:5
   |
20 | use itertools::Itertools;
   |     ^^^^^^^^^^^^^^^^^^^^

warning: unreachable pattern
   --> src/parser.rs:239:13
    |
239 |             SExp::Symbol(Symbol::Var(s)) => s.clone(),
    |             ^^^^^^^^^^^^^^^^^^^^^^^^^^^^
    |
    = note: `#[warn(unreachable_patterns)]` on by default

warning: value assigned to `is_new` is never read
  --> src/lib.rs:89:19
   |
89 |           let mut is_new = false;
   |                   ^^^^^^
   |
   = note: `#[warn(unused_assignments)]` on by default
   = help: maybe it is overwritten before being read?

warning: field is never read: `use_max`
  --> src/lib.rs:53:5
   |
53 |     use_max : bool,
   |     ^^^^^^^^^^^^^^
   |
   = note: `#[warn(dead_code)]` on by default

warning: unused `std::result::Result` that must be used
   --> src/lib.rs:387:17
    |
387 |                 fs::remove_file(filename);
    |                 ^^^^^^^^^^^^^^^^^^^^^^^^^^
    |
    = note: `#[warn(unused_must_use)]` on by default
    = note: this `Result` may be an `Err` variant, which should be handled

warning: unused `std::result::Result` that must be used
   --> src/lib.rs:416:9
    |
416 |         fs::write(&filename, script.to_string());
    |         ^^^^^^^^^^^^^^^^^^^^^^^^^^^^^^^^^^^^^^^^^
    |
    = note: this `Result` may be an `Err` variant, which should be handled

    Finished dev [unoptimized + debuginfo] target(s) in 1.41s
     Running `target/debug/main`
STARTING RUN
starting file "samples/simple-uf.smtv1.smt2"
starting 2^3 iterations
z3 error on file 1_simple-uf.smtv1.smt2
Error with file 1_simple-uf.smtv1.smt2
z3 error on file 2_simple-uf.smtv1.smt2
Error with file 2_simple-uf.smtv1.smt2
z3 error on file 3_simple-uf.smtv1.smt2
Error with file 3_simple-uf.smtv1.smt2
z3 error on file 4_simple-uf.smtv1.smt2
Error with file 4_simple-uf.smtv1.smt2
z3 error on file 5_simple-uf.smtv1.smt2
Error with file 5_simple-uf.smtv1.smt2
z3 error on file 6_simple-uf.smtv1.smt2
Error with file 6_simple-uf.smtv1.smt2
z3 error on file 7_simple-uf.smtv1.smt2
Error with file 7_simple-uf.smtv1.smt2
z3 error on file 8_simple-uf.smtv1.smt2
Error with file 8_simple-uf.smtv1.smt2
starting file "samples/extract-concat-5.smtv1.smt2"
starting 2^1 iterations
z3 error on file 1_extract-concat-5.smtv1.smt2
Error with file 1_extract-concat-5.smtv1.smt2
z3 error on file 2_extract-concat-5.smtv1.smt2
Error with file 2_extract-concat-5.smtv1.smt2
starting file "samples/smt2output.smt2"
starting 2^1 iterations
z3 error on file 1_smt2output.smt2
Error with file 1_smt2output.smt2
z3 error on file 2_smt2output.smt2
Error with file 2_smt2output.smt2
starting file "samples/bv_to_int2.smt2"
starting 2^0 iterations
z3 error on file 1_bv_to_int2.smt2
Error with file 1_bv_to_int2.smt2
starting file "samples/mult-pow2-negative.smt2"
starting 2^1 iterations
z3 error on file 1_mult-pow2-negative.smt2
Error with file 1_mult-pow2-negative.smt2
z3 error on file 2_mult-pow2-negative.smt2
Error with file 2_mult-pow2-negative.smt2
starting file "samples/issue4007-rint-uf.smt2"
starting 2^1 iterations
z3 error on file 1_issue4007-rint-uf.smt2
Error with file 1_issue4007-rint-uf.smt2
z3 error on file 2_issue4007-rint-uf.smt2
Error with file 2_issue4007-rint-uf.smt2
starting file "samples/card3-ground.smt2"
starting 2^1 iterations
z3 error on file 1_card3-ground.smt2
Error with file 1_card3-ground.smt2
z3 error on file 2_card3-ground.smt2
Error with file 2_card3-ground.smt2
starting file "samples/bv2nat-ground.smt2"
starting 2^9 iterations
z3 error on file 1_bv2nat-ground.smt2
Error with file 1_bv2nat-ground.smt2
z3 error on file 2_bv2nat-ground.smt2
Error with file 2_bv2nat-ground.smt2
z3 error on file 3_bv2nat-ground.smt2
Error with file 3_bv2nat-ground.smt2
z3 error on file 4_bv2nat-ground.smt2
Error with file 4_bv2nat-ground.smt2
z3 error on file 5_bv2nat-ground.smt2
Error with file 5_bv2nat-ground.smt2
z3 error on file 6_bv2nat-ground.smt2
Error with file 6_bv2nat-ground.smt2
z3 error on file 7_bv2nat-ground.smt2
Error with file 7_bv2nat-ground.smt2
z3 error on file 8_bv2nat-ground.smt2
Error with file 8_bv2nat-ground.smt2
z3 error on file 9_bv2nat-ground.smt2
Error with file 9_bv2nat-ground.smt2
z3 error on file 10_bv2nat-ground.smt2
Error with file 10_bv2nat-ground.smt2
starting file "samples/str-code-unsat-3.smt2"
starting file "samples/horn-ground-pre-post.smt2"
starting 2^4 iterations
z3 error on file 1_horn-ground-pre-post.smt2
Error with file 1_horn-ground-pre-post.smt2
z3 error on file 2_horn-ground-pre-post.smt2
Error with file 2_horn-ground-pre-post.smt2
z3 error on file 3_horn-ground-pre-post.smt2
Error with file 3_horn-ground-pre-post.smt2
z3 error on file 4_horn-ground-pre-post.smt2
Error with file 4_horn-ground-pre-post.smt2
z3 error on file 5_horn-ground-pre-post.smt2
Error with file 5_horn-ground-pre-post.smt2
z3 error on file 6_horn-ground-pre-post.smt2
Error with file 6_horn-ground-pre-post.smt2
z3 error on file 7_horn-ground-pre-post.smt2
Error with file 7_horn-ground-pre-post.smt2
z3 error on file 8_horn-ground-pre-post.smt2
Error with file 8_horn-ground-pre-post.smt2
z3 error on file 9_horn-ground-pre-post.smt2
Error with file 9_horn-ground-pre-post.smt2
z3 error on file 10_horn-ground-pre-post.smt2
Error with file 10_horn-ground-pre-post.smt2
starting file "samples/strip-endpoint-itos.smt2"
starting file "samples/translator-example-input.smt2"
starting 2^1 iterations
z3 error on file 1_translator-example-input.smt2
Error with file 1_translator-example-input.smt2
z3 error on file 2_translator-example-input.smt2
Error with file 2_translator-example-input.smt2
starting file "samples/ackermann8.smt2"
starting 2^6 iterations
z3 error on file 1_ackermann8.smt2
Error with file 1_ackermann8.smt2
z3 error on file 2_ackermann8.smt2
Error with file 2_ackermann8.smt2
z3 error on file 3_ackermann8.smt2
Error with file 3_ackermann8.smt2
z3 error on file 4_ackermann8.smt2
Error with file 4_ackermann8.smt2
z3 error on file 5_ackermann8.smt2
Error with file 5_ackermann8.smt2
z3 error on file 6_ackermann8.smt2
Error with file 6_ackermann8.smt2
z3 error on file 7_ackermann8.smt2
Error with file 7_ackermann8.smt2
z3 error on file 8_ackermann8.smt2
Error with file 8_ackermann8.smt2
z3 error on file 9_ackermann8.smt2
Error with file 9_ackermann8.smt2
z3 error on file 10_ackermann8.smt2
Error with file 10_ackermann8.smt2
starting file "samples/loop006.smt2"
starting 2^1 iterations
z3 error on file 1_loop006.smt2
Error with file 1_loop006.smt2
z3 error on file 2_loop006.smt2
Error with file 2_loop006.smt2
starting file "samples/bug272.minimized.smtv1.smt2"
starting 2^9 iterations
z3 error on file 1_bug272.minimized.smtv1.smt2
Error with file 1_bug272.minimized.smtv1.smt2
z3 error on file 2_bug272.minimized.smtv1.smt2
Error with file 2_bug272.minimized.smtv1.smt2
z3 error on file 3_bug272.minimized.smtv1.smt2
Error with file 3_bug272.minimized.smtv1.smt2
z3 error on file 4_bug272.minimized.smtv1.smt2
Error with file 4_bug272.minimized.smtv1.smt2
z3 error on file 5_bug272.minimized.smtv1.smt2
Error with file 5_bug272.minimized.smtv1.smt2
z3 error on file 6_bug272.minimized.smtv1.smt2
Error with file 6_bug272.minimized.smtv1.smt2
z3 error on file 7_bug272.minimized.smtv1.smt2
Error with file 7_bug272.minimized.smtv1.smt2
z3 error on file 8_bug272.minimized.smtv1.smt2
Error with file 8_bug272.minimized.smtv1.smt2
z3 error on file 9_bug272.minimized.smtv1.smt2
Error with file 9_bug272.minimized.smtv1.smt2
z3 error on file 10_bug272.minimized.smtv1.smt2
Error with file 10_bug272.minimized.smtv1.smt2
starting file "samples/small-1.smt2"
starting 2^0 iterations
z3 error on file 1_small-1.smt2
Error with file 1_small-1.smt2
starting file "samples/pbrewrites-test.smt2"
starting 2^201 iterations
z3 error on file 1_pbrewrites-test.smt2
Error with file 1_pbrewrites-test.smt2
z3 error on file 2_pbrewrites-test.smt2
Error with file 2_pbrewrites-test.smt2
z3 error on file 3_pbrewrites-test.smt2
Error with file 3_pbrewrites-test.smt2
z3 error on file 4_pbrewrites-test.smt2
Error with file 4_pbrewrites-test.smt2
z3 error on file 5_pbrewrites-test.smt2
Error with file 5_pbrewrites-test.smt2
z3 error on file 6_pbrewrites-test.smt2
Error with file 6_pbrewrites-test.smt2
z3 error on file 7_pbrewrites-test.smt2
Error with file 7_pbrewrites-test.smt2
z3 error on file 8_pbrewrites-test.smt2
Error with file 8_pbrewrites-test.smt2
z3 error on file 9_pbrewrites-test.smt2
Error with file 9_pbrewrites-test.smt2
z3 error on file 10_pbrewrites-test.smt2
Error with file 10_pbrewrites-test.smt2
starting file "samples/z3.620661-no-fv-trigger.smt2"
starting 2^63 iterations
z3 error on file 1_z3.620661-no-fv-trigger.smt2
Error with file 1_z3.620661-no-fv-trigger.smt2
z3 error on file 2_z3.620661-no-fv-trigger.smt2
Error with file 2_z3.620661-no-fv-trigger.smt2
z3 error on file 3_z3.620661-no-fv-trigger.smt2
Error with file 3_z3.620661-no-fv-trigger.smt2
z3 error on file 4_z3.620661-no-fv-trigger.smt2
Error with file 4_z3.620661-no-fv-trigger.smt2
z3 error on file 5_z3.620661-no-fv-trigger.smt2
Error with file 5_z3.620661-no-fv-trigger.smt2
z3 error on file 6_z3.620661-no-fv-trigger.smt2
Error with file 6_z3.620661-no-fv-trigger.smt2
z3 error on file 7_z3.620661-no-fv-trigger.smt2
Error with file 7_z3.620661-no-fv-trigger.smt2
z3 error on file 8_z3.620661-no-fv-trigger.smt2
Error with file 8_z3.620661-no-fv-trigger.smt2
z3 error on file 9_z3.620661-no-fv-trigger.smt2
Error with file 9_z3.620661-no-fv-trigger.smt2
z3 error on file 10_z3.620661-no-fv-trigger.smt2
Error with file 10_z3.620661-no-fv-trigger.smt2
starting file "samples/type002.smt2"
starting file "samples/floor.smt2"
starting 2^1 iterations
z3 error on file 1_floor.smt2
Error with file 1_floor.smt2
z3 error on file 2_floor.smt2
Error with file 2_floor.smt2
starting file "samples/qbv-test-invert-bvashr-0-neq.smt2"
starting 2^1 iterations
z3 error on file 1_qbv-test-invert-bvashr-0-neq.smt2
Error with file 1_qbv-test-invert-bvashr-0-neq.smt2
z3 error on file 2_qbv-test-invert-bvashr-0-neq.smt2
Error with file 2_qbv-test-invert-bvashr-0-neq.smt2
starting file "samples/bv_consts_dec.smt2"
starting 2^1 iterations
z3 error on file 1_bv_consts_dec.smt2
Error with file 1_bv_consts_dec.smt2
z3 error on file 2_bv_consts_dec.smt2
Error with file 2_bv_consts_dec.smt2
starting file "samples/bv_to_int1.smt2"
starting 2^3 iterations
z3 error on file 1_bv_to_int1.smt2
Error with file 1_bv_to_int1.smt2
z3 error on file 2_bv_to_int1.smt2
Error with file 2_bv_to_int1.smt2
z3 error on file 3_bv_to_int1.smt2
Error with file 3_bv_to_int1.smt2
z3 error on file 4_bv_to_int1.smt2
Error with file 4_bv_to_int1.smt2
z3 error on file 5_bv_to_int1.smt2
Error with file 5_bv_to_int1.smt2
z3 error on file 6_bv_to_int1.smt2
Error with file 6_bv_to_int1.smt2
z3 error on file 7_bv_to_int1.smt2
Error with file 7_bv_to_int1.smt2
z3 error on file 8_bv_to_int1.smt2
Error with file 8_bv_to_int1.smt2
starting file "samples/invalid_dump.smt2"
starting 2^0 iterations
z3 error on file 1_invalid_dump.smt2
Error with file 1_invalid_dump.smt2
starting file "samples/fuzz_5_1.smt2"
starting 2^135 iterations
z3 error on file 1_fuzz_5_1.smt2
Error with file 1_fuzz_5_1.smt2
z3 error on file 2_fuzz_5_1.smt2
Error with file 2_fuzz_5_1.smt2
z3 error on file 3_fuzz_5_1.smt2
Error with file 3_fuzz_5_1.smt2
z3 error on file 4_fuzz_5_1.smt2
Error with file 4_fuzz_5_1.smt2
z3 error on file 5_fuzz_5_1.smt2
Error with file 5_fuzz_5_1.smt2
z3 error on file 6_fuzz_5_1.smt2
Error with file 6_fuzz_5_1.smt2
z3 error on file 7_fuzz_5_1.smt2
Error with file 7_fuzz_5_1.smt2
z3 error on file 8_fuzz_5_1.smt2
Error with file 8_fuzz_5_1.smt2
z3 error on file 9_fuzz_5_1.smt2
Error with file 9_fuzz_5_1.smt2
z3 error on file 10_fuzz_5_1.smt2
Error with file 10_fuzz_5_1.smt2
starting file "samples/bv_eq_diamond14.smtv1.smt2"
starting 2^93 iterations
z3 error on file 1_bv_eq_diamond14.smtv1.smt2
Error with file 1_bv_eq_diamond14.smtv1.smt2
z3 error on file 2_bv_eq_diamond14.smtv1.smt2
Error with file 2_bv_eq_diamond14.smtv1.smt2
z3 error on file 3_bv_eq_diamond14.smtv1.smt2
Error with file 3_bv_eq_diamond14.smtv1.smt2
z3 error on file 4_bv_eq_diamond14.smtv1.smt2
Error with file 4_bv_eq_diamond14.smtv1.smt2
z3 error on file 5_bv_eq_diamond14.smtv1.smt2
Error with file 5_bv_eq_diamond14.smtv1.smt2
z3 error on file 6_bv_eq_diamond14.smtv1.smt2
Error with file 6_bv_eq_diamond14.smtv1.smt2
z3 error on file 7_bv_eq_diamond14.smtv1.smt2
Error with file 7_bv_eq_diamond14.smtv1.smt2
z3 error on file 8_bv_eq_diamond14.smtv1.smt2
Error with file 8_bv_eq_diamond14.smtv1.smt2
z3 error on file 9_bv_eq_diamond14.smtv1.smt2
Error with file 9_bv_eq_diamond14.smtv1.smt2
z3 error on file 10_bv_eq_diamond14.smtv1.smt2
Error with file 10_bv_eq_diamond14.smtv1.smt2
starting file "samples/fuzz_26.smt2"
starting 2^399 iterations
z3 error on file 1_fuzz_26.smt2
Error with file 1_fuzz_26.smt2
z3 error on file 2_fuzz_26.smt2
Error with file 2_fuzz_26.smt2
z3 error on file 3_fuzz_26.smt2
Error with file 3_fuzz_26.smt2
z3 error on file 4_fuzz_26.smt2
Error with file 4_fuzz_26.smt2
z3 error on file 5_fuzz_26.smt2
Error with file 5_fuzz_26.smt2
z3 error on file 6_fuzz_26.smt2
Error with file 6_fuzz_26.smt2
z3 error on file 7_fuzz_26.smt2
Error with file 7_fuzz_26.smt2
z3 error on file 8_fuzz_26.smt2
Error with file 8_fuzz_26.smt2
z3 error on file 9_fuzz_26.smt2
Error with file 9_fuzz_26.smt2
z3 error on file 10_fuzz_26.smt2
Error with file 10_fuzz_26.smt2
starting file "samples/issue4077.smt2"
starting 2^0 iterations
z3 error on file 1_issue4077.smt2
Error with file 1_issue4077.smt2
starting file "samples/UniqueZipper.hs.1030minimized.cvc4.smt2"
starting 2^22 iterations
z3 error on file 1_UniqueZipper.hs.1030minimized.cvc4.smt2
Error with file 1_UniqueZipper.hs.1030minimized.cvc4.smt2
z3 error on file 2_UniqueZipper.hs.1030minimized.cvc4.smt2
Error with file 2_UniqueZipper.hs.1030minimized.cvc4.smt2
z3 error on file 3_UniqueZipper.hs.1030minimized.cvc4.smt2
Error with file 3_UniqueZipper.hs.1030minimized.cvc4.smt2
z3 error on file 4_UniqueZipper.hs.1030minimized.cvc4.smt2
Error with file 4_UniqueZipper.hs.1030minimized.cvc4.smt2
z3 error on file 5_UniqueZipper.hs.1030minimized.cvc4.smt2
Error with file 5_UniqueZipper.hs.1030minimized.cvc4.smt2
z3 error on file 6_UniqueZipper.hs.1030minimized.cvc4.smt2
Error with file 6_UniqueZipper.hs.1030minimized.cvc4.smt2
z3 error on file 7_UniqueZipper.hs.1030minimized.cvc4.smt2
Error with file 7_UniqueZipper.hs.1030minimized.cvc4.smt2
z3 error on file 8_UniqueZipper.hs.1030minimized.cvc4.smt2
Error with file 8_UniqueZipper.hs.1030minimized.cvc4.smt2
z3 error on file 9_UniqueZipper.hs.1030minimized.cvc4.smt2
Error with file 9_UniqueZipper.hs.1030minimized.cvc4.smt2
z3 error on file 10_UniqueZipper.hs.1030minimized.cvc4.smt2
Error with file 10_UniqueZipper.hs.1030minimized.cvc4.smt2
starting file "samples/to_fp.smt2"
starting 2^0 iterations
z3 error on file 1_to_fp.smt2
Error with file 1_to_fp.smt2
starting file "samples/regexp003.smt2"
starting 2^0 iterations
z3 error on file 1_regexp003.smt2
Error with file 1_regexp003.smt2
starting file "samples/dt-proper-model.smt2"
starting 2^2 iterations
z3 error on file 1_dt-proper-model.smt2
Error with file 1_dt-proper-model.smt2
z3 error on file 2_dt-proper-model.smt2
Error with file 2_dt-proper-model.smt2
z3 error on file 3_dt-proper-model.smt2
Error with file 3_dt-proper-model.smt2
z3 error on file 4_dt-proper-model.smt2
Error with file 4_dt-proper-model.smt2
starting file "samples/uf1.smt2"
starting 2^1 iterations
z3 error on file 1_uf1.smt2
Error with file 1_uf1.smt2
cvc4 error on file 2_uf1.smt2 : CVC4 interrupted by SIGTERM.
timeout: the monitored command dumped core

z3 error on file 2_uf1.smt2
Error with file 2_uf1.smt2
starting file "samples/bug136.smtv1.smt2"
starting 2^75941 iterations

thread 'main' has overflowed its stack
fatal runtime error: stack overflow
