   Compiling cswap v0.1.0 (/home/dylan/git/constant-swap)
warning: unused `#[macro_use]` import
 --> src/lib.rs:1:1
  |
1 | #[macro_use]
  | ^^^^^^^^^^^^
  |
  = note: `#[warn(unused_imports)]` on by default

warning: unused `std::result::Result` that must be used
   --> src/lib.rs:250:17
    |
250 |                 fs::remove_file(filename);
    |                 ^^^^^^^^^^^^^^^^^^^^^^^^^^
    |
    = note: `#[warn(unused_must_use)]` on by default
    = note: this `Result` may be an `Err` variant, which should be handled

warning: unused `std::result::Result` that must be used
   --> src/lib.rs:288:13
    |
288 |             fs::write(&filename, script.to_string());
    |             ^^^^^^^^^^^^^^^^^^^^^^^^^^^^^^^^^^^^^^^^^
    |
    = note: this `Result` may be an `Err` variant, which should be handled

    Finished dev [unoptimized + debuginfo] target(s) in 1.17s
     Running `target/debug/main`
STARTING RUN
starting file "samples/simple-uf.smtv1.smt2"
starting 8 iterations
starting file "samples/extract-concat-5.smtv1.smt2"
starting 2 iterations
starting file "samples/smt2output.smt2"
starting 2 iterations
starting file "samples/bv_to_int2.smt2"
starting 1 iterations
starting file "samples/mult-pow2-negative.smt2"
starting 2 iterations
starting file "samples/issue4007-rint-uf.smt2"
starting 2 iterations
starting file "samples/card3-ground.smt2"
starting 2 iterations
z3 error on file 0_card3-ground.smt2
Error with file 0_card3-ground.smt2
z3 error on file 1_card3-ground.smt2
Error with file 1_card3-ground.smt2
starting file "samples/bv2nat-ground.smt2"
starting 512 iterations
starting file "samples/str-code-unsat-3.smt2"
starting 512 iterations
z3 error on file 0_str-code-unsat-3.smt2
Error with file 0_str-code-unsat-3.smt2
z3 error on file 1_str-code-unsat-3.smt2
Error with file 1_str-code-unsat-3.smt2
z3 error on file 2_str-code-unsat-3.smt2
Error with file 2_str-code-unsat-3.smt2
z3 error on file 3_str-code-unsat-3.smt2
Error with file 3_str-code-unsat-3.smt2
z3 error on file 4_str-code-unsat-3.smt2
Error with file 4_str-code-unsat-3.smt2
z3 error on file 5_str-code-unsat-3.smt2
Error with file 5_str-code-unsat-3.smt2
z3 error on file 6_str-code-unsat-3.smt2
Error with file 6_str-code-unsat-3.smt2
z3 error on file 7_str-code-unsat-3.smt2
Error with file 7_str-code-unsat-3.smt2
z3 error on file 8_str-code-unsat-3.smt2
Error with file 8_str-code-unsat-3.smt2
z3 error on file 9_str-code-unsat-3.smt2
Error with file 9_str-code-unsat-3.smt2
z3 error on file 10_str-code-unsat-3.smt2
Error with file 10_str-code-unsat-3.smt2
z3 error on file 11_str-code-unsat-3.smt2
Error with file 11_str-code-unsat-3.smt2
z3 error on file 12_str-code-unsat-3.smt2
Error with file 12_str-code-unsat-3.smt2
z3 error on file 13_str-code-unsat-3.smt2
Error with file 13_str-code-unsat-3.smt2
z3 error on file 14_str-code-unsat-3.smt2
Error with file 14_str-code-unsat-3.smt2
z3 error on file 15_str-code-unsat-3.smt2
Error with file 15_str-code-unsat-3.smt2
z3 error on file 16_str-code-unsat-3.smt2
Error with file 16_str-code-unsat-3.smt2
z3 error on file 17_str-code-unsat-3.smt2
Error with file 17_str-code-unsat-3.smt2
z3 error on file 18_str-code-unsat-3.smt2
Error with file 18_str-code-unsat-3.smt2
z3 error on file 19_str-code-unsat-3.smt2
Error with file 19_str-code-unsat-3.smt2
z3 error on file 20_str-code-unsat-3.smt2
Error with file 20_str-code-unsat-3.smt2
z3 error on file 21_str-code-unsat-3.smt2
Error with file 21_str-code-unsat-3.smt2
z3 error on file 22_str-code-unsat-3.smt2
Error with file 22_str-code-unsat-3.smt2
z3 error on file 23_str-code-unsat-3.smt2
Error with file 23_str-code-unsat-3.smt2
z3 error on file 24_str-code-unsat-3.smt2
Error with file 24_str-code-unsat-3.smt2
z3 error on file 25_str-code-unsat-3.smt2
Error with file 25_str-code-unsat-3.smt2
z3 error on file 26_str-code-unsat-3.smt2
Error with file 26_str-code-unsat-3.smt2
z3 error on file 27_str-code-unsat-3.smt2
Error with file 27_str-code-unsat-3.smt2
z3 error on file 28_str-code-unsat-3.smt2
Error with file 28_str-code-unsat-3.smt2
z3 error on file 29_str-code-unsat-3.smt2
Error with file 29_str-code-unsat-3.smt2
z3 error on file 30_str-code-unsat-3.smt2
Error with file 30_str-code-unsat-3.smt2
z3 error on file 31_str-code-unsat-3.smt2
Error with file 31_str-code-unsat-3.smt2
z3 error on file 32_str-code-unsat-3.smt2
Error with file 32_str-code-unsat-3.smt2
z3 error on file 33_str-code-unsat-3.smt2
Error with file 33_str-code-unsat-3.smt2
z3 error on file 34_str-code-unsat-3.smt2
Error with file 34_str-code-unsat-3.smt2
z3 error on file 35_str-code-unsat-3.smt2
Error with file 35_str-code-unsat-3.smt2
z3 error on file 36_str-code-unsat-3.smt2
Error with file 36_str-code-unsat-3.smt2
z3 error on file 37_str-code-unsat-3.smt2
Error with file 37_str-code-unsat-3.smt2
z3 error on file 38_str-code-unsat-3.smt2
Error with file 38_str-code-unsat-3.smt2
z3 error on file 39_str-code-unsat-3.smt2
Error with file 39_str-code-unsat-3.smt2
z3 error on file 40_str-code-unsat-3.smt2
Error with file 40_str-code-unsat-3.smt2
z3 error on file 41_str-code-unsat-3.smt2
Error with file 41_str-code-unsat-3.smt2
z3 error on file 42_str-code-unsat-3.smt2
Error with file 42_str-code-unsat-3.smt2
z3 error on file 43_str-code-unsat-3.smt2
Error with file 43_str-code-unsat-3.smt2
z3 error on file 44_str-code-unsat-3.smt2
Error with file 44_str-code-unsat-3.smt2
z3 error on file 45_str-code-unsat-3.smt2
Error with file 45_str-code-unsat-3.smt2
z3 error on file 46_str-code-unsat-3.smt2
Error with file 46_str-code-unsat-3.smt2
z3 error on file 47_str-code-unsat-3.smt2
Error with file 47_str-code-unsat-3.smt2
z3 error on file 48_str-code-unsat-3.smt2
Error with file 48_str-code-unsat-3.smt2
z3 error on file 49_str-code-unsat-3.smt2
Error with file 49_str-code-unsat-3.smt2
z3 error on file 50_str-code-unsat-3.smt2
Error with file 50_str-code-unsat-3.smt2
z3 error on file 51_str-code-unsat-3.smt2
Error with file 51_str-code-unsat-3.smt2
z3 error on file 52_str-code-unsat-3.smt2
Error with file 52_str-code-unsat-3.smt2
z3 error on file 53_str-code-unsat-3.smt2
Error with file 53_str-code-unsat-3.smt2
z3 error on file 54_str-code-unsat-3.smt2
Error with file 54_str-code-unsat-3.smt2
z3 error on file 55_str-code-unsat-3.smt2
Error with file 55_str-code-unsat-3.smt2
z3 error on file 56_str-code-unsat-3.smt2
Error with file 56_str-code-unsat-3.smt2
z3 error on file 57_str-code-unsat-3.smt2
Error with file 57_str-code-unsat-3.smt2
z3 error on file 58_str-code-unsat-3.smt2
Error with file 58_str-code-unsat-3.smt2
z3 error on file 59_str-code-unsat-3.smt2
Error with file 59_str-code-unsat-3.smt2
z3 error on file 60_str-code-unsat-3.smt2
Error with file 60_str-code-unsat-3.smt2
z3 error on file 61_str-code-unsat-3.smt2
Error with file 61_str-code-unsat-3.smt2
z3 error on file 62_str-code-unsat-3.smt2
Error with file 62_str-code-unsat-3.smt2
z3 error on file 63_str-code-unsat-3.smt2
Error with file 63_str-code-unsat-3.smt2
z3 error on file 64_str-code-unsat-3.smt2
Error with file 64_str-code-unsat-3.smt2
z3 error on file 65_str-code-unsat-3.smt2
Error with file 65_str-code-unsat-3.smt2
z3 error on file 66_str-code-unsat-3.smt2
Error with file 66_str-code-unsat-3.smt2
z3 error on file 67_str-code-unsat-3.smt2
Error with file 67_str-code-unsat-3.smt2
z3 error on file 68_str-code-unsat-3.smt2
Error with file 68_str-code-unsat-3.smt2
z3 error on file 69_str-code-unsat-3.smt2
Error with file 69_str-code-unsat-3.smt2
z3 error on file 70_str-code-unsat-3.smt2
Error with file 70_str-code-unsat-3.smt2
z3 error on file 71_str-code-unsat-3.smt2
Error with file 71_str-code-unsat-3.smt2
z3 error on file 72_str-code-unsat-3.smt2
Error with file 72_str-code-unsat-3.smt2
z3 error on file 73_str-code-unsat-3.smt2
Error with file 73_str-code-unsat-3.smt2
z3 error on file 74_str-code-unsat-3.smt2
Error with file 74_str-code-unsat-3.smt2
z3 error on file 75_str-code-unsat-3.smt2
Error with file 75_str-code-unsat-3.smt2
z3 error on file 76_str-code-unsat-3.smt2
Error with file 76_str-code-unsat-3.smt2
z3 error on file 77_str-code-unsat-3.smt2
Error with file 77_str-code-unsat-3.smt2
z3 error on file 78_str-code-unsat-3.smt2
Error with file 78_str-code-unsat-3.smt2
z3 error on file 79_str-code-unsat-3.smt2
Error with file 79_str-code-unsat-3.smt2
z3 error on file 80_str-code-unsat-3.smt2
Error with file 80_str-code-unsat-3.smt2
z3 error on file 81_str-code-unsat-3.smt2
Error with file 81_str-code-unsat-3.smt2
z3 error on file 82_str-code-unsat-3.smt2
Error with file 82_str-code-unsat-3.smt2
z3 error on file 83_str-code-unsat-3.smt2
Error with file 83_str-code-unsat-3.smt2
z3 error on file 84_str-code-unsat-3.smt2
Error with file 84_str-code-unsat-3.smt2
z3 error on file 85_str-code-unsat-3.smt2
Error with file 85_str-code-unsat-3.smt2
z3 error on file 86_str-code-unsat-3.smt2
Error with file 86_str-code-unsat-3.smt2
z3 error on file 87_str-code-unsat-3.smt2
Error with file 87_str-code-unsat-3.smt2
z3 error on file 88_str-code-unsat-3.smt2
Error with file 88_str-code-unsat-3.smt2
z3 error on file 89_str-code-unsat-3.smt2
Error with file 89_str-code-unsat-3.smt2
z3 error on file 90_str-code-unsat-3.smt2
Error with file 90_str-code-unsat-3.smt2
z3 error on file 91_str-code-unsat-3.smt2
Error with file 91_str-code-unsat-3.smt2
z3 error on file 92_str-code-unsat-3.smt2
Error with file 92_str-code-unsat-3.smt2
z3 error on file 93_str-code-unsat-3.smt2
Error with file 93_str-code-unsat-3.smt2
z3 error on file 94_str-code-unsat-3.smt2
Error with file 94_str-code-unsat-3.smt2
z3 error on file 95_str-code-unsat-3.smt2
Error with file 95_str-code-unsat-3.smt2
z3 error on file 96_str-code-unsat-3.smt2
Error with file 96_str-code-unsat-3.smt2
z3 error on file 97_str-code-unsat-3.smt2
Error with file 97_str-code-unsat-3.smt2
z3 error on file 98_str-code-unsat-3.smt2
Error with file 98_str-code-unsat-3.smt2
z3 error on file 99_str-code-unsat-3.smt2
Error with file 99_str-code-unsat-3.smt2
z3 error on file 100_str-code-unsat-3.smt2
Error with file 100_str-code-unsat-3.smt2
z3 error on file 101_str-code-unsat-3.smt2
Error with file 101_str-code-unsat-3.smt2
z3 error on file 102_str-code-unsat-3.smt2
Error with file 102_str-code-unsat-3.smt2
z3 error on file 103_str-code-unsat-3.smt2
Error with file 103_str-code-unsat-3.smt2
z3 error on file 104_str-code-unsat-3.smt2
Error with file 104_str-code-unsat-3.smt2
z3 error on file 105_str-code-unsat-3.smt2
Error with file 105_str-code-unsat-3.smt2
z3 error on file 106_str-code-unsat-3.smt2
Error with file 106_str-code-unsat-3.smt2
z3 error on file 107_str-code-unsat-3.smt2
Error with file 107_str-code-unsat-3.smt2
z3 error on file 108_str-code-unsat-3.smt2
Error with file 108_str-code-unsat-3.smt2
z3 error on file 109_str-code-unsat-3.smt2
Error with file 109_str-code-unsat-3.smt2
z3 error on file 110_str-code-unsat-3.smt2
Error with file 110_str-code-unsat-3.smt2
z3 error on file 111_str-code-unsat-3.smt2
Error with file 111_str-code-unsat-3.smt2
z3 error on file 112_str-code-unsat-3.smt2
Error with file 112_str-code-unsat-3.smt2
z3 error on file 113_str-code-unsat-3.smt2
Error with file 113_str-code-unsat-3.smt2
z3 error on file 114_str-code-unsat-3.smt2
Error with file 114_str-code-unsat-3.smt2
z3 error on file 115_str-code-unsat-3.smt2
Error with file 115_str-code-unsat-3.smt2
z3 error on file 116_str-code-unsat-3.smt2
Error with file 116_str-code-unsat-3.smt2
z3 error on file 117_str-code-unsat-3.smt2
Error with file 117_str-code-unsat-3.smt2
z3 error on file 118_str-code-unsat-3.smt2
Error with file 118_str-code-unsat-3.smt2
z3 error on file 119_str-code-unsat-3.smt2
Error with file 119_str-code-unsat-3.smt2
z3 error on file 120_str-code-unsat-3.smt2
Error with file 120_str-code-unsat-3.smt2
z3 error on file 121_str-code-unsat-3.smt2
Error with file 121_str-code-unsat-3.smt2
z3 error on file 122_str-code-unsat-3.smt2
Error with file 122_str-code-unsat-3.smt2
z3 error on file 123_str-code-unsat-3.smt2
Error with file 123_str-code-unsat-3.smt2
z3 error on file 124_str-code-unsat-3.smt2
Error with file 124_str-code-unsat-3.smt2
z3 error on file 125_str-code-unsat-3.smt2
Error with file 125_str-code-unsat-3.smt2
z3 error on file 126_str-code-unsat-3.smt2
Error with file 126_str-code-unsat-3.smt2
z3 error on file 127_str-code-unsat-3.smt2
Error with file 127_str-code-unsat-3.smt2
z3 error on file 128_str-code-unsat-3.smt2
Error with file 128_str-code-unsat-3.smt2
z3 error on file 129_str-code-unsat-3.smt2
Error with file 129_str-code-unsat-3.smt2
z3 error on file 130_str-code-unsat-3.smt2
Error with file 130_str-code-unsat-3.smt2
z3 error on file 131_str-code-unsat-3.smt2
Error with file 131_str-code-unsat-3.smt2
z3 error on file 132_str-code-unsat-3.smt2
Error with file 132_str-code-unsat-3.smt2
z3 error on file 133_str-code-unsat-3.smt2
Error with file 133_str-code-unsat-3.smt2
z3 error on file 134_str-code-unsat-3.smt2
Error with file 134_str-code-unsat-3.smt2
z3 error on file 135_str-code-unsat-3.smt2
Error with file 135_str-code-unsat-3.smt2
z3 error on file 136_str-code-unsat-3.smt2
Error with file 136_str-code-unsat-3.smt2
z3 error on file 137_str-code-unsat-3.smt2
Error with file 137_str-code-unsat-3.smt2
z3 error on file 138_str-code-unsat-3.smt2
Error with file 138_str-code-unsat-3.smt2
z3 error on file 139_str-code-unsat-3.smt2
Error with file 139_str-code-unsat-3.smt2
z3 error on file 140_str-code-unsat-3.smt2
Error with file 140_str-code-unsat-3.smt2
z3 error on file 141_str-code-unsat-3.smt2
Error with file 141_str-code-unsat-3.smt2
z3 error on file 142_str-code-unsat-3.smt2
Error with file 142_str-code-unsat-3.smt2
z3 error on file 143_str-code-unsat-3.smt2
Error with file 143_str-code-unsat-3.smt2
z3 error on file 144_str-code-unsat-3.smt2
Error with file 144_str-code-unsat-3.smt2
z3 error on file 145_str-code-unsat-3.smt2
Error with file 145_str-code-unsat-3.smt2
z3 error on file 146_str-code-unsat-3.smt2
Error with file 146_str-code-unsat-3.smt2
z3 error on file 147_str-code-unsat-3.smt2
Error with file 147_str-code-unsat-3.smt2
z3 error on file 148_str-code-unsat-3.smt2
Error with file 148_str-code-unsat-3.smt2
z3 error on file 149_str-code-unsat-3.smt2
Error with file 149_str-code-unsat-3.smt2
z3 error on file 150_str-code-unsat-3.smt2
Error with file 150_str-code-unsat-3.smt2
z3 error on file 151_str-code-unsat-3.smt2
Error with file 151_str-code-unsat-3.smt2
z3 error on file 152_str-code-unsat-3.smt2
Error with file 152_str-code-unsat-3.smt2
z3 error on file 153_str-code-unsat-3.smt2
Error with file 153_str-code-unsat-3.smt2
z3 error on file 154_str-code-unsat-3.smt2
Error with file 154_str-code-unsat-3.smt2
z3 error on file 155_str-code-unsat-3.smt2
Error with file 155_str-code-unsat-3.smt2
z3 error on file 156_str-code-unsat-3.smt2
Error with file 156_str-code-unsat-3.smt2
z3 error on file 157_str-code-unsat-3.smt2
Error with file 157_str-code-unsat-3.smt2
z3 error on file 158_str-code-unsat-3.smt2
Error with file 158_str-code-unsat-3.smt2
z3 error on file 159_str-code-unsat-3.smt2
Error with file 159_str-code-unsat-3.smt2
z3 error on file 160_str-code-unsat-3.smt2
Error with file 160_str-code-unsat-3.smt2
z3 error on file 161_str-code-unsat-3.smt2
Error with file 161_str-code-unsat-3.smt2
z3 error on file 162_str-code-unsat-3.smt2
Error with file 162_str-code-unsat-3.smt2
z3 error on file 163_str-code-unsat-3.smt2
Error with file 163_str-code-unsat-3.smt2
z3 error on file 164_str-code-unsat-3.smt2
Error with file 164_str-code-unsat-3.smt2
z3 error on file 165_str-code-unsat-3.smt2
Error with file 165_str-code-unsat-3.smt2
z3 error on file 166_str-code-unsat-3.smt2
Error with file 166_str-code-unsat-3.smt2
z3 error on file 167_str-code-unsat-3.smt2
Error with file 167_str-code-unsat-3.smt2
z3 error on file 168_str-code-unsat-3.smt2
Error with file 168_str-code-unsat-3.smt2
z3 error on file 169_str-code-unsat-3.smt2
Error with file 169_str-code-unsat-3.smt2
z3 error on file 170_str-code-unsat-3.smt2
Error with file 170_str-code-unsat-3.smt2
z3 error on file 171_str-code-unsat-3.smt2
Error with file 171_str-code-unsat-3.smt2
z3 error on file 172_str-code-unsat-3.smt2
Error with file 172_str-code-unsat-3.smt2
z3 error on file 173_str-code-unsat-3.smt2
Error with file 173_str-code-unsat-3.smt2
z3 error on file 174_str-code-unsat-3.smt2
Error with file 174_str-code-unsat-3.smt2
z3 error on file 175_str-code-unsat-3.smt2
Error with file 175_str-code-unsat-3.smt2
z3 error on file 176_str-code-unsat-3.smt2
Error with file 176_str-code-unsat-3.smt2
z3 error on file 177_str-code-unsat-3.smt2
Error with file 177_str-code-unsat-3.smt2
z3 error on file 178_str-code-unsat-3.smt2
Error with file 178_str-code-unsat-3.smt2
z3 error on file 179_str-code-unsat-3.smt2
Error with file 179_str-code-unsat-3.smt2
z3 error on file 180_str-code-unsat-3.smt2
Error with file 180_str-code-unsat-3.smt2
z3 error on file 181_str-code-unsat-3.smt2
Error with file 181_str-code-unsat-3.smt2
z3 error on file 182_str-code-unsat-3.smt2
Error with file 182_str-code-unsat-3.smt2
z3 error on file 183_str-code-unsat-3.smt2
Error with file 183_str-code-unsat-3.smt2
z3 error on file 184_str-code-unsat-3.smt2
Error with file 184_str-code-unsat-3.smt2
z3 error on file 185_str-code-unsat-3.smt2
Error with file 185_str-code-unsat-3.smt2
z3 error on file 186_str-code-unsat-3.smt2
Error with file 186_str-code-unsat-3.smt2
z3 error on file 187_str-code-unsat-3.smt2
Error with file 187_str-code-unsat-3.smt2
z3 error on file 188_str-code-unsat-3.smt2
Error with file 188_str-code-unsat-3.smt2
z3 error on file 189_str-code-unsat-3.smt2
Error with file 189_str-code-unsat-3.smt2
z3 error on file 190_str-code-unsat-3.smt2
Error with file 190_str-code-unsat-3.smt2
z3 error on file 191_str-code-unsat-3.smt2
Error with file 191_str-code-unsat-3.smt2
z3 error on file 192_str-code-unsat-3.smt2
Error with file 192_str-code-unsat-3.smt2
z3 error on file 193_str-code-unsat-3.smt2
Error with file 193_str-code-unsat-3.smt2
z3 error on file 194_str-code-unsat-3.smt2
Error with file 194_str-code-unsat-3.smt2
z3 error on file 195_str-code-unsat-3.smt2
Error with file 195_str-code-unsat-3.smt2
z3 error on file 196_str-code-unsat-3.smt2
Error with file 196_str-code-unsat-3.smt2
z3 error on file 197_str-code-unsat-3.smt2
Error with file 197_str-code-unsat-3.smt2
z3 error on file 198_str-code-unsat-3.smt2
Error with file 198_str-code-unsat-3.smt2
z3 error on file 199_str-code-unsat-3.smt2
Error with file 199_str-code-unsat-3.smt2
z3 error on file 200_str-code-unsat-3.smt2
Error with file 200_str-code-unsat-3.smt2
z3 error on file 201_str-code-unsat-3.smt2
Error with file 201_str-code-unsat-3.smt2
z3 error on file 202_str-code-unsat-3.smt2
Error with file 202_str-code-unsat-3.smt2
z3 error on file 203_str-code-unsat-3.smt2
Error with file 203_str-code-unsat-3.smt2
z3 error on file 204_str-code-unsat-3.smt2
Error with file 204_str-code-unsat-3.smt2
z3 error on file 205_str-code-unsat-3.smt2
Error with file 205_str-code-unsat-3.smt2
z3 error on file 206_str-code-unsat-3.smt2
Error with file 206_str-code-unsat-3.smt2
z3 error on file 207_str-code-unsat-3.smt2
Error with file 207_str-code-unsat-3.smt2
z3 error on file 208_str-code-unsat-3.smt2
Error with file 208_str-code-unsat-3.smt2
z3 error on file 209_str-code-unsat-3.smt2
Error with file 209_str-code-unsat-3.smt2
z3 error on file 210_str-code-unsat-3.smt2
Error with file 210_str-code-unsat-3.smt2
z3 error on file 211_str-code-unsat-3.smt2
Error with file 211_str-code-unsat-3.smt2
z3 error on file 212_str-code-unsat-3.smt2
Error with file 212_str-code-unsat-3.smt2
z3 error on file 213_str-code-unsat-3.smt2
Error with file 213_str-code-unsat-3.smt2
z3 error on file 214_str-code-unsat-3.smt2
Error with file 214_str-code-unsat-3.smt2
z3 error on file 215_str-code-unsat-3.smt2
Error with file 215_str-code-unsat-3.smt2
z3 error on file 216_str-code-unsat-3.smt2
Error with file 216_str-code-unsat-3.smt2
z3 error on file 217_str-code-unsat-3.smt2
Error with file 217_str-code-unsat-3.smt2
z3 error on file 218_str-code-unsat-3.smt2
Error with file 218_str-code-unsat-3.smt2
z3 error on file 219_str-code-unsat-3.smt2
Error with file 219_str-code-unsat-3.smt2
z3 error on file 220_str-code-unsat-3.smt2
Error with file 220_str-code-unsat-3.smt2
z3 error on file 221_str-code-unsat-3.smt2
Error with file 221_str-code-unsat-3.smt2
z3 error on file 222_str-code-unsat-3.smt2
Error with file 222_str-code-unsat-3.smt2
z3 error on file 223_str-code-unsat-3.smt2
Error with file 223_str-code-unsat-3.smt2
z3 error on file 224_str-code-unsat-3.smt2
Error with file 224_str-code-unsat-3.smt2
z3 error on file 225_str-code-unsat-3.smt2
Error with file 225_str-code-unsat-3.smt2
z3 error on file 226_str-code-unsat-3.smt2
Error with file 226_str-code-unsat-3.smt2
z3 error on file 227_str-code-unsat-3.smt2
Error with file 227_str-code-unsat-3.smt2
z3 error on file 228_str-code-unsat-3.smt2
Error with file 228_str-code-unsat-3.smt2
z3 error on file 229_str-code-unsat-3.smt2
Error with file 229_str-code-unsat-3.smt2
z3 error on file 230_str-code-unsat-3.smt2
Error with file 230_str-code-unsat-3.smt2
z3 error on file 231_str-code-unsat-3.smt2
Error with file 231_str-code-unsat-3.smt2
z3 error on file 232_str-code-unsat-3.smt2
Error with file 232_str-code-unsat-3.smt2
z3 error on file 233_str-code-unsat-3.smt2
Error with file 233_str-code-unsat-3.smt2
z3 error on file 234_str-code-unsat-3.smt2
Error with file 234_str-code-unsat-3.smt2
z3 error on file 235_str-code-unsat-3.smt2
Error with file 235_str-code-unsat-3.smt2
z3 error on file 236_str-code-unsat-3.smt2
Error with file 236_str-code-unsat-3.smt2
z3 error on file 237_str-code-unsat-3.smt2
Error with file 237_str-code-unsat-3.smt2
z3 error on file 238_str-code-unsat-3.smt2
Error with file 238_str-code-unsat-3.smt2
z3 error on file 239_str-code-unsat-3.smt2
Error with file 239_str-code-unsat-3.smt2
z3 error on file 240_str-code-unsat-3.smt2
Error with file 240_str-code-unsat-3.smt2
z3 error on file 241_str-code-unsat-3.smt2
Error with file 241_str-code-unsat-3.smt2
z3 error on file 242_str-code-unsat-3.smt2
Error with file 242_str-code-unsat-3.smt2
z3 error on file 243_str-code-unsat-3.smt2
Error with file 243_str-code-unsat-3.smt2
z3 error on file 244_str-code-unsat-3.smt2
Error with file 244_str-code-unsat-3.smt2
z3 error on file 245_str-code-unsat-3.smt2
Error with file 245_str-code-unsat-3.smt2
z3 error on file 246_str-code-unsat-3.smt2
Error with file 246_str-code-unsat-3.smt2
z3 error on file 247_str-code-unsat-3.smt2
Error with file 247_str-code-unsat-3.smt2
z3 error on file 248_str-code-unsat-3.smt2
Error with file 248_str-code-unsat-3.smt2
z3 error on file 249_str-code-unsat-3.smt2
Error with file 249_str-code-unsat-3.smt2
z3 error on file 250_str-code-unsat-3.smt2
Error with file 250_str-code-unsat-3.smt2
z3 error on file 251_str-code-unsat-3.smt2
Error with file 251_str-code-unsat-3.smt2
z3 error on file 252_str-code-unsat-3.smt2
Error with file 252_str-code-unsat-3.smt2
z3 error on file 253_str-code-unsat-3.smt2
Error with file 253_str-code-unsat-3.smt2
z3 error on file 254_str-code-unsat-3.smt2
Error with file 254_str-code-unsat-3.smt2
z3 error on file 255_str-code-unsat-3.smt2
Error with file 255_str-code-unsat-3.smt2
z3 error on file 256_str-code-unsat-3.smt2
Error with file 256_str-code-unsat-3.smt2
z3 error on file 257_str-code-unsat-3.smt2
Error with file 257_str-code-unsat-3.smt2
z3 error on file 258_str-code-unsat-3.smt2
Error with file 258_str-code-unsat-3.smt2
z3 error on file 259_str-code-unsat-3.smt2
Error with file 259_str-code-unsat-3.smt2
z3 error on file 260_str-code-unsat-3.smt2
Error with file 260_str-code-unsat-3.smt2
z3 error on file 261_str-code-unsat-3.smt2
Error with file 261_str-code-unsat-3.smt2
z3 error on file 262_str-code-unsat-3.smt2
Error with file 262_str-code-unsat-3.smt2
z3 error on file 263_str-code-unsat-3.smt2
Error with file 263_str-code-unsat-3.smt2
z3 error on file 264_str-code-unsat-3.smt2
Error with file 264_str-code-unsat-3.smt2
z3 error on file 265_str-code-unsat-3.smt2
Error with file 265_str-code-unsat-3.smt2
z3 error on file 266_str-code-unsat-3.smt2
Error with file 266_str-code-unsat-3.smt2
z3 error on file 267_str-code-unsat-3.smt2
Error with file 267_str-code-unsat-3.smt2
z3 error on file 268_str-code-unsat-3.smt2
Error with file 268_str-code-unsat-3.smt2
z3 error on file 269_str-code-unsat-3.smt2
Error with file 269_str-code-unsat-3.smt2
z3 error on file 270_str-code-unsat-3.smt2
Error with file 270_str-code-unsat-3.smt2
z3 error on file 271_str-code-unsat-3.smt2
Error with file 271_str-code-unsat-3.smt2
z3 error on file 272_str-code-unsat-3.smt2
Error with file 272_str-code-unsat-3.smt2
z3 error on file 273_str-code-unsat-3.smt2
Error with file 273_str-code-unsat-3.smt2
z3 error on file 274_str-code-unsat-3.smt2
Error with file 274_str-code-unsat-3.smt2
z3 error on file 275_str-code-unsat-3.smt2
Error with file 275_str-code-unsat-3.smt2
z3 error on file 276_str-code-unsat-3.smt2
Error with file 276_str-code-unsat-3.smt2
z3 error on file 277_str-code-unsat-3.smt2
Error with file 277_str-code-unsat-3.smt2
z3 error on file 278_str-code-unsat-3.smt2
Error with file 278_str-code-unsat-3.smt2
z3 error on file 279_str-code-unsat-3.smt2
Error with file 279_str-code-unsat-3.smt2
z3 error on file 280_str-code-unsat-3.smt2
Error with file 280_str-code-unsat-3.smt2
z3 error on file 281_str-code-unsat-3.smt2
Error with file 281_str-code-unsat-3.smt2
z3 error on file 282_str-code-unsat-3.smt2
Error with file 282_str-code-unsat-3.smt2
z3 error on file 283_str-code-unsat-3.smt2
Error with file 283_str-code-unsat-3.smt2
z3 error on file 284_str-code-unsat-3.smt2
Error with file 284_str-code-unsat-3.smt2
z3 error on file 285_str-code-unsat-3.smt2
Error with file 285_str-code-unsat-3.smt2
z3 error on file 286_str-code-unsat-3.smt2
Error with file 286_str-code-unsat-3.smt2
z3 error on file 287_str-code-unsat-3.smt2
Error with file 287_str-code-unsat-3.smt2
z3 error on file 288_str-code-unsat-3.smt2
Error with file 288_str-code-unsat-3.smt2
z3 error on file 289_str-code-unsat-3.smt2
Error with file 289_str-code-unsat-3.smt2
z3 error on file 290_str-code-unsat-3.smt2
Error with file 290_str-code-unsat-3.smt2
z3 error on file 291_str-code-unsat-3.smt2
Error with file 291_str-code-unsat-3.smt2
z3 error on file 292_str-code-unsat-3.smt2
Error with file 292_str-code-unsat-3.smt2
z3 error on file 293_str-code-unsat-3.smt2
Error with file 293_str-code-unsat-3.smt2
z3 error on file 294_str-code-unsat-3.smt2
Error with file 294_str-code-unsat-3.smt2
z3 error on file 295_str-code-unsat-3.smt2
Error with file 295_str-code-unsat-3.smt2
z3 error on file 296_str-code-unsat-3.smt2
Error with file 296_str-code-unsat-3.smt2
z3 error on file 297_str-code-unsat-3.smt2
Error with file 297_str-code-unsat-3.smt2
z3 error on file 298_str-code-unsat-3.smt2
Error with file 298_str-code-unsat-3.smt2
z3 error on file 299_str-code-unsat-3.smt2
Error with file 299_str-code-unsat-3.smt2
z3 error on file 300_str-code-unsat-3.smt2
Error with file 300_str-code-unsat-3.smt2
z3 error on file 301_str-code-unsat-3.smt2
Error with file 301_str-code-unsat-3.smt2
z3 error on file 302_str-code-unsat-3.smt2
Error with file 302_str-code-unsat-3.smt2
z3 error on file 303_str-code-unsat-3.smt2
Error with file 303_str-code-unsat-3.smt2
z3 error on file 304_str-code-unsat-3.smt2
Error with file 304_str-code-unsat-3.smt2
z3 error on file 305_str-code-unsat-3.smt2
Error with file 305_str-code-unsat-3.smt2
z3 error on file 306_str-code-unsat-3.smt2
Error with file 306_str-code-unsat-3.smt2
z3 error on file 307_str-code-unsat-3.smt2
Error with file 307_str-code-unsat-3.smt2
z3 error on file 308_str-code-unsat-3.smt2
Error with file 308_str-code-unsat-3.smt2
z3 error on file 309_str-code-unsat-3.smt2
Error with file 309_str-code-unsat-3.smt2
z3 error on file 310_str-code-unsat-3.smt2
Error with file 310_str-code-unsat-3.smt2
z3 error on file 311_str-code-unsat-3.smt2
Error with file 311_str-code-unsat-3.smt2
z3 error on file 312_str-code-unsat-3.smt2
Error with file 312_str-code-unsat-3.smt2
z3 error on file 313_str-code-unsat-3.smt2
Error with file 313_str-code-unsat-3.smt2
z3 error on file 314_str-code-unsat-3.smt2
Error with file 314_str-code-unsat-3.smt2
z3 error on file 315_str-code-unsat-3.smt2
Error with file 315_str-code-unsat-3.smt2
z3 error on file 316_str-code-unsat-3.smt2
Error with file 316_str-code-unsat-3.smt2
z3 error on file 317_str-code-unsat-3.smt2
Error with file 317_str-code-unsat-3.smt2
z3 error on file 318_str-code-unsat-3.smt2
Error with file 318_str-code-unsat-3.smt2
z3 error on file 319_str-code-unsat-3.smt2
Error with file 319_str-code-unsat-3.smt2
z3 error on file 320_str-code-unsat-3.smt2
Error with file 320_str-code-unsat-3.smt2
z3 error on file 321_str-code-unsat-3.smt2
Error with file 321_str-code-unsat-3.smt2
z3 error on file 322_str-code-unsat-3.smt2
Error with file 322_str-code-unsat-3.smt2
z3 error on file 323_str-code-unsat-3.smt2
Error with file 323_str-code-unsat-3.smt2
z3 error on file 324_str-code-unsat-3.smt2
Error with file 324_str-code-unsat-3.smt2
z3 error on file 325_str-code-unsat-3.smt2
Error with file 325_str-code-unsat-3.smt2
z3 error on file 326_str-code-unsat-3.smt2
Error with file 326_str-code-unsat-3.smt2
z3 error on file 327_str-code-unsat-3.smt2
Error with file 327_str-code-unsat-3.smt2
z3 error on file 328_str-code-unsat-3.smt2
Error with file 328_str-code-unsat-3.smt2
z3 error on file 329_str-code-unsat-3.smt2
Error with file 329_str-code-unsat-3.smt2
z3 error on file 330_str-code-unsat-3.smt2
Error with file 330_str-code-unsat-3.smt2
z3 error on file 331_str-code-unsat-3.smt2
Error with file 331_str-code-unsat-3.smt2
z3 error on file 332_str-code-unsat-3.smt2
Error with file 332_str-code-unsat-3.smt2
z3 error on file 333_str-code-unsat-3.smt2
Error with file 333_str-code-unsat-3.smt2
z3 error on file 334_str-code-unsat-3.smt2
Error with file 334_str-code-unsat-3.smt2
z3 error on file 335_str-code-unsat-3.smt2
Error with file 335_str-code-unsat-3.smt2
z3 error on file 336_str-code-unsat-3.smt2
Error with file 336_str-code-unsat-3.smt2
z3 error on file 337_str-code-unsat-3.smt2
Error with file 337_str-code-unsat-3.smt2
z3 error on file 338_str-code-unsat-3.smt2
Error with file 338_str-code-unsat-3.smt2
z3 error on file 339_str-code-unsat-3.smt2
Error with file 339_str-code-unsat-3.smt2
z3 error on file 340_str-code-unsat-3.smt2
Error with file 340_str-code-unsat-3.smt2
z3 error on file 341_str-code-unsat-3.smt2
Error with file 341_str-code-unsat-3.smt2
z3 error on file 342_str-code-unsat-3.smt2
Error with file 342_str-code-unsat-3.smt2
z3 error on file 343_str-code-unsat-3.smt2
Error with file 343_str-code-unsat-3.smt2
z3 error on file 344_str-code-unsat-3.smt2
Error with file 344_str-code-unsat-3.smt2
z3 error on file 345_str-code-unsat-3.smt2
Error with file 345_str-code-unsat-3.smt2
z3 error on file 346_str-code-unsat-3.smt2
Error with file 346_str-code-unsat-3.smt2
z3 error on file 347_str-code-unsat-3.smt2
Error with file 347_str-code-unsat-3.smt2
z3 error on file 348_str-code-unsat-3.smt2
Error with file 348_str-code-unsat-3.smt2
z3 error on file 349_str-code-unsat-3.smt2
Error with file 349_str-code-unsat-3.smt2
z3 error on file 350_str-code-unsat-3.smt2
Error with file 350_str-code-unsat-3.smt2
z3 error on file 351_str-code-unsat-3.smt2
Error with file 351_str-code-unsat-3.smt2
z3 error on file 352_str-code-unsat-3.smt2
Error with file 352_str-code-unsat-3.smt2
z3 error on file 353_str-code-unsat-3.smt2
Error with file 353_str-code-unsat-3.smt2
z3 error on file 354_str-code-unsat-3.smt2
Error with file 354_str-code-unsat-3.smt2
z3 error on file 355_str-code-unsat-3.smt2
Error with file 355_str-code-unsat-3.smt2
z3 error on file 356_str-code-unsat-3.smt2
Error with file 356_str-code-unsat-3.smt2
z3 error on file 357_str-code-unsat-3.smt2
Error with file 357_str-code-unsat-3.smt2
z3 error on file 358_str-code-unsat-3.smt2
Error with file 358_str-code-unsat-3.smt2
z3 error on file 359_str-code-unsat-3.smt2
Error with file 359_str-code-unsat-3.smt2
z3 error on file 360_str-code-unsat-3.smt2
Error with file 360_str-code-unsat-3.smt2
z3 error on file 361_str-code-unsat-3.smt2
Error with file 361_str-code-unsat-3.smt2
z3 error on file 362_str-code-unsat-3.smt2
Error with file 362_str-code-unsat-3.smt2
z3 error on file 363_str-code-unsat-3.smt2
Error with file 363_str-code-unsat-3.smt2
z3 error on file 364_str-code-unsat-3.smt2
Error with file 364_str-code-unsat-3.smt2
z3 error on file 365_str-code-unsat-3.smt2
Error with file 365_str-code-unsat-3.smt2
z3 error on file 366_str-code-unsat-3.smt2
Error with file 366_str-code-unsat-3.smt2
z3 error on file 367_str-code-unsat-3.smt2
Error with file 367_str-code-unsat-3.smt2
z3 error on file 368_str-code-unsat-3.smt2
Error with file 368_str-code-unsat-3.smt2
z3 error on file 369_str-code-unsat-3.smt2
Error with file 369_str-code-unsat-3.smt2
z3 error on file 370_str-code-unsat-3.smt2
Error with file 370_str-code-unsat-3.smt2
z3 error on file 371_str-code-unsat-3.smt2
Error with file 371_str-code-unsat-3.smt2
z3 error on file 372_str-code-unsat-3.smt2
Error with file 372_str-code-unsat-3.smt2
z3 error on file 373_str-code-unsat-3.smt2
Error with file 373_str-code-unsat-3.smt2
z3 error on file 374_str-code-unsat-3.smt2
Error with file 374_str-code-unsat-3.smt2
z3 error on file 375_str-code-unsat-3.smt2
Error with file 375_str-code-unsat-3.smt2
z3 error on file 376_str-code-unsat-3.smt2
Error with file 376_str-code-unsat-3.smt2
z3 error on file 377_str-code-unsat-3.smt2
Error with file 377_str-code-unsat-3.smt2
z3 error on file 378_str-code-unsat-3.smt2
Error with file 378_str-code-unsat-3.smt2
z3 error on file 379_str-code-unsat-3.smt2
Error with file 379_str-code-unsat-3.smt2
z3 error on file 380_str-code-unsat-3.smt2
Error with file 380_str-code-unsat-3.smt2
z3 error on file 381_str-code-unsat-3.smt2
Error with file 381_str-code-unsat-3.smt2
z3 error on file 382_str-code-unsat-3.smt2
Error with file 382_str-code-unsat-3.smt2
z3 error on file 383_str-code-unsat-3.smt2
Error with file 383_str-code-unsat-3.smt2
z3 error on file 384_str-code-unsat-3.smt2
Error with file 384_str-code-unsat-3.smt2
z3 error on file 385_str-code-unsat-3.smt2
Error with file 385_str-code-unsat-3.smt2
z3 error on file 386_str-code-unsat-3.smt2
Error with file 386_str-code-unsat-3.smt2
z3 error on file 387_str-code-unsat-3.smt2
Error with file 387_str-code-unsat-3.smt2
z3 error on file 388_str-code-unsat-3.smt2
Error with file 388_str-code-unsat-3.smt2
z3 error on file 389_str-code-unsat-3.smt2
Error with file 389_str-code-unsat-3.smt2
z3 error on file 390_str-code-unsat-3.smt2
Error with file 390_str-code-unsat-3.smt2
z3 error on file 391_str-code-unsat-3.smt2
Error with file 391_str-code-unsat-3.smt2
z3 error on file 392_str-code-unsat-3.smt2
Error with file 392_str-code-unsat-3.smt2
z3 error on file 393_str-code-unsat-3.smt2
Error with file 393_str-code-unsat-3.smt2
z3 error on file 394_str-code-unsat-3.smt2
Error with file 394_str-code-unsat-3.smt2
z3 error on file 395_str-code-unsat-3.smt2
Error with file 395_str-code-unsat-3.smt2
z3 error on file 396_str-code-unsat-3.smt2
Error with file 396_str-code-unsat-3.smt2
z3 error on file 397_str-code-unsat-3.smt2
Error with file 397_str-code-unsat-3.smt2
z3 error on file 398_str-code-unsat-3.smt2
Error with file 398_str-code-unsat-3.smt2
z3 error on file 399_str-code-unsat-3.smt2
Error with file 399_str-code-unsat-3.smt2
z3 error on file 400_str-code-unsat-3.smt2
Error with file 400_str-code-unsat-3.smt2
z3 error on file 401_str-code-unsat-3.smt2
Error with file 401_str-code-unsat-3.smt2
z3 error on file 402_str-code-unsat-3.smt2
Error with file 402_str-code-unsat-3.smt2
z3 error on file 403_str-code-unsat-3.smt2
Error with file 403_str-code-unsat-3.smt2
z3 error on file 404_str-code-unsat-3.smt2
Error with file 404_str-code-unsat-3.smt2
z3 error on file 405_str-code-unsat-3.smt2
Error with file 405_str-code-unsat-3.smt2
z3 error on file 406_str-code-unsat-3.smt2
Error with file 406_str-code-unsat-3.smt2
z3 error on file 407_str-code-unsat-3.smt2
Error with file 407_str-code-unsat-3.smt2
z3 error on file 408_str-code-unsat-3.smt2
Error with file 408_str-code-unsat-3.smt2
z3 error on file 409_str-code-unsat-3.smt2
Error with file 409_str-code-unsat-3.smt2
z3 error on file 410_str-code-unsat-3.smt2
Error with file 410_str-code-unsat-3.smt2
z3 error on file 411_str-code-unsat-3.smt2
Error with file 411_str-code-unsat-3.smt2
z3 error on file 412_str-code-unsat-3.smt2
Error with file 412_str-code-unsat-3.smt2
z3 error on file 413_str-code-unsat-3.smt2
Error with file 413_str-code-unsat-3.smt2
z3 error on file 414_str-code-unsat-3.smt2
Error with file 414_str-code-unsat-3.smt2
z3 error on file 415_str-code-unsat-3.smt2
Error with file 415_str-code-unsat-3.smt2
z3 error on file 416_str-code-unsat-3.smt2
Error with file 416_str-code-unsat-3.smt2
z3 error on file 417_str-code-unsat-3.smt2
Error with file 417_str-code-unsat-3.smt2
z3 error on file 418_str-code-unsat-3.smt2
Error with file 418_str-code-unsat-3.smt2
z3 error on file 419_str-code-unsat-3.smt2
Error with file 419_str-code-unsat-3.smt2
z3 error on file 420_str-code-unsat-3.smt2
Error with file 420_str-code-unsat-3.smt2
z3 error on file 421_str-code-unsat-3.smt2
Error with file 421_str-code-unsat-3.smt2
z3 error on file 422_str-code-unsat-3.smt2
Error with file 422_str-code-unsat-3.smt2
z3 error on file 423_str-code-unsat-3.smt2
Error with file 423_str-code-unsat-3.smt2
z3 error on file 424_str-code-unsat-3.smt2
Error with file 424_str-code-unsat-3.smt2
z3 error on file 425_str-code-unsat-3.smt2
Error with file 425_str-code-unsat-3.smt2
z3 error on file 426_str-code-unsat-3.smt2
Error with file 426_str-code-unsat-3.smt2
z3 error on file 427_str-code-unsat-3.smt2
Error with file 427_str-code-unsat-3.smt2
z3 error on file 428_str-code-unsat-3.smt2
Error with file 428_str-code-unsat-3.smt2
z3 error on file 429_str-code-unsat-3.smt2
Error with file 429_str-code-unsat-3.smt2
z3 error on file 430_str-code-unsat-3.smt2
Error with file 430_str-code-unsat-3.smt2
z3 error on file 431_str-code-unsat-3.smt2
Error with file 431_str-code-unsat-3.smt2
z3 error on file 432_str-code-unsat-3.smt2
Error with file 432_str-code-unsat-3.smt2
z3 error on file 433_str-code-unsat-3.smt2
Error with file 433_str-code-unsat-3.smt2
z3 error on file 434_str-code-unsat-3.smt2
Error with file 434_str-code-unsat-3.smt2
z3 error on file 435_str-code-unsat-3.smt2
Error with file 435_str-code-unsat-3.smt2
z3 error on file 436_str-code-unsat-3.smt2
Error with file 436_str-code-unsat-3.smt2
z3 error on file 437_str-code-unsat-3.smt2
Error with file 437_str-code-unsat-3.smt2
z3 error on file 438_str-code-unsat-3.smt2
Error with file 438_str-code-unsat-3.smt2
z3 error on file 439_str-code-unsat-3.smt2
Error with file 439_str-code-unsat-3.smt2
z3 error on file 440_str-code-unsat-3.smt2
Error with file 440_str-code-unsat-3.smt2
z3 error on file 441_str-code-unsat-3.smt2
Error with file 441_str-code-unsat-3.smt2
z3 error on file 442_str-code-unsat-3.smt2
Error with file 442_str-code-unsat-3.smt2
z3 error on file 443_str-code-unsat-3.smt2
Error with file 443_str-code-unsat-3.smt2
z3 error on file 444_str-code-unsat-3.smt2
Error with file 444_str-code-unsat-3.smt2
z3 error on file 445_str-code-unsat-3.smt2
Error with file 445_str-code-unsat-3.smt2
z3 error on file 446_str-code-unsat-3.smt2
Error with file 446_str-code-unsat-3.smt2
z3 error on file 447_str-code-unsat-3.smt2
Error with file 447_str-code-unsat-3.smt2
z3 error on file 448_str-code-unsat-3.smt2
Error with file 448_str-code-unsat-3.smt2
z3 error on file 449_str-code-unsat-3.smt2
Error with file 449_str-code-unsat-3.smt2
z3 error on file 450_str-code-unsat-3.smt2
Error with file 450_str-code-unsat-3.smt2
z3 error on file 451_str-code-unsat-3.smt2
Error with file 451_str-code-unsat-3.smt2
z3 error on file 452_str-code-unsat-3.smt2
Error with file 452_str-code-unsat-3.smt2
z3 error on file 453_str-code-unsat-3.smt2
Error with file 453_str-code-unsat-3.smt2
z3 error on file 454_str-code-unsat-3.smt2
Error with file 454_str-code-unsat-3.smt2
z3 error on file 455_str-code-unsat-3.smt2
Error with file 455_str-code-unsat-3.smt2
z3 error on file 456_str-code-unsat-3.smt2
Error with file 456_str-code-unsat-3.smt2
z3 error on file 457_str-code-unsat-3.smt2
Error with file 457_str-code-unsat-3.smt2
z3 error on file 458_str-code-unsat-3.smt2
Error with file 458_str-code-unsat-3.smt2
z3 error on file 459_str-code-unsat-3.smt2
Error with file 459_str-code-unsat-3.smt2
z3 error on file 460_str-code-unsat-3.smt2
Error with file 460_str-code-unsat-3.smt2
z3 error on file 461_str-code-unsat-3.smt2
Error with file 461_str-code-unsat-3.smt2
z3 error on file 462_str-code-unsat-3.smt2
Error with file 462_str-code-unsat-3.smt2
z3 error on file 463_str-code-unsat-3.smt2
Error with file 463_str-code-unsat-3.smt2
z3 error on file 464_str-code-unsat-3.smt2
Error with file 464_str-code-unsat-3.smt2
z3 error on file 465_str-code-unsat-3.smt2
Error with file 465_str-code-unsat-3.smt2
z3 error on file 466_str-code-unsat-3.smt2
Error with file 466_str-code-unsat-3.smt2
z3 error on file 467_str-code-unsat-3.smt2
Error with file 467_str-code-unsat-3.smt2
z3 error on file 468_str-code-unsat-3.smt2
Error with file 468_str-code-unsat-3.smt2
z3 error on file 469_str-code-unsat-3.smt2
Error with file 469_str-code-unsat-3.smt2
z3 error on file 470_str-code-unsat-3.smt2
Error with file 470_str-code-unsat-3.smt2
z3 error on file 471_str-code-unsat-3.smt2
Error with file 471_str-code-unsat-3.smt2
z3 error on file 472_str-code-unsat-3.smt2
Error with file 472_str-code-unsat-3.smt2
z3 error on file 473_str-code-unsat-3.smt2
Error with file 473_str-code-unsat-3.smt2
z3 error on file 474_str-code-unsat-3.smt2
Error with file 474_str-code-unsat-3.smt2
z3 error on file 475_str-code-unsat-3.smt2
Error with file 475_str-code-unsat-3.smt2
z3 error on file 476_str-code-unsat-3.smt2
Error with file 476_str-code-unsat-3.smt2
z3 error on file 477_str-code-unsat-3.smt2
Error with file 477_str-code-unsat-3.smt2
z3 error on file 478_str-code-unsat-3.smt2
Error with file 478_str-code-unsat-3.smt2
z3 error on file 479_str-code-unsat-3.smt2
Error with file 479_str-code-unsat-3.smt2
z3 error on file 480_str-code-unsat-3.smt2
Error with file 480_str-code-unsat-3.smt2
z3 error on file 481_str-code-unsat-3.smt2
Error with file 481_str-code-unsat-3.smt2
z3 error on file 482_str-code-unsat-3.smt2
Error with file 482_str-code-unsat-3.smt2
z3 error on file 483_str-code-unsat-3.smt2
Error with file 483_str-code-unsat-3.smt2
z3 error on file 484_str-code-unsat-3.smt2
Error with file 484_str-code-unsat-3.smt2
z3 error on file 485_str-code-unsat-3.smt2
Error with file 485_str-code-unsat-3.smt2
z3 error on file 486_str-code-unsat-3.smt2
Error with file 486_str-code-unsat-3.smt2
z3 error on file 487_str-code-unsat-3.smt2
Error with file 487_str-code-unsat-3.smt2
z3 error on file 488_str-code-unsat-3.smt2
Error with file 488_str-code-unsat-3.smt2
z3 error on file 489_str-code-unsat-3.smt2
Error with file 489_str-code-unsat-3.smt2
z3 error on file 490_str-code-unsat-3.smt2
Error with file 490_str-code-unsat-3.smt2
z3 error on file 491_str-code-unsat-3.smt2
Error with file 491_str-code-unsat-3.smt2
z3 error on file 492_str-code-unsat-3.smt2
Error with file 492_str-code-unsat-3.smt2
z3 error on file 493_str-code-unsat-3.smt2
Error with file 493_str-code-unsat-3.smt2
z3 error on file 494_str-code-unsat-3.smt2
Error with file 494_str-code-unsat-3.smt2
z3 error on file 495_str-code-unsat-3.smt2
Error with file 495_str-code-unsat-3.smt2
z3 error on file 496_str-code-unsat-3.smt2
Error with file 496_str-code-unsat-3.smt2
z3 error on file 497_str-code-unsat-3.smt2
Error with file 497_str-code-unsat-3.smt2
z3 error on file 498_str-code-unsat-3.smt2
Error with file 498_str-code-unsat-3.smt2
z3 error on file 499_str-code-unsat-3.smt2
Error with file 499_str-code-unsat-3.smt2
z3 error on file 500_str-code-unsat-3.smt2
Error with file 500_str-code-unsat-3.smt2
z3 error on file 501_str-code-unsat-3.smt2
Error with file 501_str-code-unsat-3.smt2
z3 error on file 502_str-code-unsat-3.smt2
Error with file 502_str-code-unsat-3.smt2
z3 error on file 503_str-code-unsat-3.smt2
Error with file 503_str-code-unsat-3.smt2
z3 error on file 504_str-code-unsat-3.smt2
Error with file 504_str-code-unsat-3.smt2
z3 error on file 505_str-code-unsat-3.smt2
Error with file 505_str-code-unsat-3.smt2
z3 error on file 506_str-code-unsat-3.smt2
Error with file 506_str-code-unsat-3.smt2
z3 error on file 507_str-code-unsat-3.smt2
Error with file 507_str-code-unsat-3.smt2
z3 error on file 508_str-code-unsat-3.smt2
Error with file 508_str-code-unsat-3.smt2
z3 error on file 509_str-code-unsat-3.smt2
Error with file 509_str-code-unsat-3.smt2
z3 error on file 510_str-code-unsat-3.smt2
Error with file 510_str-code-unsat-3.smt2
z3 error on file 511_str-code-unsat-3.smt2
Error with file 511_str-code-unsat-3.smt2
starting file "samples/horn-ground-pre-post.smt2"
starting 16 iterations
starting file "samples/strip-endpoint-itos.smt2"
starting 1 iterations
z3 error on file 0_strip-endpoint-itos.smt2
Error with file 0_strip-endpoint-itos.smt2
starting file "samples/translator-example-input.smt2"
starting 2 iterations
starting file "samples/ackermann8.smt2"
starting 64 iterations
starting file "samples/loop006.smt2"
starting 2 iterations
starting file "samples/bug272.minimized.smtv1.smt2"
starting 512 iterations
z3 error on file 0_bug272.minimized.smtv1.smt2
Error with file 0_bug272.minimized.smtv1.smt2
z3 error on file 1_bug272.minimized.smtv1.smt2
Error with file 1_bug272.minimized.smtv1.smt2
z3 error on file 2_bug272.minimized.smtv1.smt2
Error with file 2_bug272.minimized.smtv1.smt2
z3 error on file 3_bug272.minimized.smtv1.smt2
Error with file 3_bug272.minimized.smtv1.smt2
z3 error on file 4_bug272.minimized.smtv1.smt2
Error with file 4_bug272.minimized.smtv1.smt2
z3 error on file 5_bug272.minimized.smtv1.smt2
Error with file 5_bug272.minimized.smtv1.smt2
z3 error on file 6_bug272.minimized.smtv1.smt2
Error with file 6_bug272.minimized.smtv1.smt2
z3 error on file 7_bug272.minimized.smtv1.smt2
Error with file 7_bug272.minimized.smtv1.smt2
z3 error on file 8_bug272.minimized.smtv1.smt2
Error with file 8_bug272.minimized.smtv1.smt2
z3 error on file 9_bug272.minimized.smtv1.smt2
Error with file 9_bug272.minimized.smtv1.smt2
z3 error on file 10_bug272.minimized.smtv1.smt2
Error with file 10_bug272.minimized.smtv1.smt2
z3 error on file 11_bug272.minimized.smtv1.smt2
Error with file 11_bug272.minimized.smtv1.smt2
z3 error on file 12_bug272.minimized.smtv1.smt2
Error with file 12_bug272.minimized.smtv1.smt2
z3 error on file 13_bug272.minimized.smtv1.smt2
Error with file 13_bug272.minimized.smtv1.smt2
z3 error on file 14_bug272.minimized.smtv1.smt2
Error with file 14_bug272.minimized.smtv1.smt2
z3 error on file 15_bug272.minimized.smtv1.smt2
Error with file 15_bug272.minimized.smtv1.smt2
z3 error on file 16_bug272.minimized.smtv1.smt2
Error with file 16_bug272.minimized.smtv1.smt2
z3 error on file 17_bug272.minimized.smtv1.smt2
Error with file 17_bug272.minimized.smtv1.smt2
z3 error on file 18_bug272.minimized.smtv1.smt2
Error with file 18_bug272.minimized.smtv1.smt2
z3 error on file 19_bug272.minimized.smtv1.smt2
Error with file 19_bug272.minimized.smtv1.smt2
z3 error on file 20_bug272.minimized.smtv1.smt2
Error with file 20_bug272.minimized.smtv1.smt2
z3 error on file 21_bug272.minimized.smtv1.smt2
Error with file 21_bug272.minimized.smtv1.smt2
z3 error on file 22_bug272.minimized.smtv1.smt2
Error with file 22_bug272.minimized.smtv1.smt2
z3 error on file 23_bug272.minimized.smtv1.smt2
Error with file 23_bug272.minimized.smtv1.smt2
z3 error on file 24_bug272.minimized.smtv1.smt2
Error with file 24_bug272.minimized.smtv1.smt2
z3 error on file 25_bug272.minimized.smtv1.smt2
Error with file 25_bug272.minimized.smtv1.smt2
z3 error on file 26_bug272.minimized.smtv1.smt2
Error with file 26_bug272.minimized.smtv1.smt2
z3 error on file 27_bug272.minimized.smtv1.smt2
Error with file 27_bug272.minimized.smtv1.smt2
z3 error on file 28_bug272.minimized.smtv1.smt2
Error with file 28_bug272.minimized.smtv1.smt2
z3 error on file 29_bug272.minimized.smtv1.smt2
Error with file 29_bug272.minimized.smtv1.smt2
z3 error on file 30_bug272.minimized.smtv1.smt2
Error with file 30_bug272.minimized.smtv1.smt2
z3 error on file 31_bug272.minimized.smtv1.smt2
Error with file 31_bug272.minimized.smtv1.smt2
z3 error on file 32_bug272.minimized.smtv1.smt2
Error with file 32_bug272.minimized.smtv1.smt2
z3 error on file 33_bug272.minimized.smtv1.smt2
Error with file 33_bug272.minimized.smtv1.smt2
z3 error on file 34_bug272.minimized.smtv1.smt2
Error with file 34_bug272.minimized.smtv1.smt2
z3 error on file 35_bug272.minimized.smtv1.smt2
Error with file 35_bug272.minimized.smtv1.smt2
z3 error on file 36_bug272.minimized.smtv1.smt2
Error with file 36_bug272.minimized.smtv1.smt2
z3 error on file 37_bug272.minimized.smtv1.smt2
Error with file 37_bug272.minimized.smtv1.smt2
z3 error on file 38_bug272.minimized.smtv1.smt2
Error with file 38_bug272.minimized.smtv1.smt2
z3 error on file 39_bug272.minimized.smtv1.smt2
Error with file 39_bug272.minimized.smtv1.smt2
z3 error on file 40_bug272.minimized.smtv1.smt2
Error with file 40_bug272.minimized.smtv1.smt2
z3 error on file 41_bug272.minimized.smtv1.smt2
Error with file 41_bug272.minimized.smtv1.smt2
z3 error on file 42_bug272.minimized.smtv1.smt2
Error with file 42_bug272.minimized.smtv1.smt2
z3 error on file 43_bug272.minimized.smtv1.smt2
Error with file 43_bug272.minimized.smtv1.smt2
z3 error on file 44_bug272.minimized.smtv1.smt2
Error with file 44_bug272.minimized.smtv1.smt2
z3 error on file 45_bug272.minimized.smtv1.smt2
Error with file 45_bug272.minimized.smtv1.smt2
z3 error on file 46_bug272.minimized.smtv1.smt2
Error with file 46_bug272.minimized.smtv1.smt2
z3 error on file 47_bug272.minimized.smtv1.smt2
Error with file 47_bug272.minimized.smtv1.smt2
z3 error on file 48_bug272.minimized.smtv1.smt2
Error with file 48_bug272.minimized.smtv1.smt2
z3 error on file 49_bug272.minimized.smtv1.smt2
Error with file 49_bug272.minimized.smtv1.smt2
z3 error on file 50_bug272.minimized.smtv1.smt2
Error with file 50_bug272.minimized.smtv1.smt2
z3 error on file 51_bug272.minimized.smtv1.smt2
Error with file 51_bug272.minimized.smtv1.smt2
z3 error on file 52_bug272.minimized.smtv1.smt2
Error with file 52_bug272.minimized.smtv1.smt2
z3 error on file 53_bug272.minimized.smtv1.smt2
Error with file 53_bug272.minimized.smtv1.smt2
z3 error on file 54_bug272.minimized.smtv1.smt2
Error with file 54_bug272.minimized.smtv1.smt2
z3 error on file 55_bug272.minimized.smtv1.smt2
Error with file 55_bug272.minimized.smtv1.smt2
z3 error on file 56_bug272.minimized.smtv1.smt2
Error with file 56_bug272.minimized.smtv1.smt2
z3 error on file 57_bug272.minimized.smtv1.smt2
Error with file 57_bug272.minimized.smtv1.smt2
z3 error on file 58_bug272.minimized.smtv1.smt2
Error with file 58_bug272.minimized.smtv1.smt2
z3 error on file 59_bug272.minimized.smtv1.smt2
Error with file 59_bug272.minimized.smtv1.smt2
z3 error on file 60_bug272.minimized.smtv1.smt2
Error with file 60_bug272.minimized.smtv1.smt2
z3 error on file 61_bug272.minimized.smtv1.smt2
Error with file 61_bug272.minimized.smtv1.smt2
z3 error on file 62_bug272.minimized.smtv1.smt2
Error with file 62_bug272.minimized.smtv1.smt2
z3 error on file 63_bug272.minimized.smtv1.smt2
Error with file 63_bug272.minimized.smtv1.smt2
z3 error on file 64_bug272.minimized.smtv1.smt2
Error with file 64_bug272.minimized.smtv1.smt2
z3 error on file 65_bug272.minimized.smtv1.smt2
Error with file 65_bug272.minimized.smtv1.smt2
z3 error on file 66_bug272.minimized.smtv1.smt2
Error with file 66_bug272.minimized.smtv1.smt2
z3 error on file 67_bug272.minimized.smtv1.smt2
Error with file 67_bug272.minimized.smtv1.smt2
z3 error on file 68_bug272.minimized.smtv1.smt2
Error with file 68_bug272.minimized.smtv1.smt2
z3 error on file 69_bug272.minimized.smtv1.smt2
Error with file 69_bug272.minimized.smtv1.smt2
z3 error on file 70_bug272.minimized.smtv1.smt2
Error with file 70_bug272.minimized.smtv1.smt2
z3 error on file 71_bug272.minimized.smtv1.smt2
Error with file 71_bug272.minimized.smtv1.smt2
z3 error on file 72_bug272.minimized.smtv1.smt2
Error with file 72_bug272.minimized.smtv1.smt2
z3 error on file 73_bug272.minimized.smtv1.smt2
Error with file 73_bug272.minimized.smtv1.smt2
z3 error on file 74_bug272.minimized.smtv1.smt2
Error with file 74_bug272.minimized.smtv1.smt2
z3 error on file 75_bug272.minimized.smtv1.smt2
Error with file 75_bug272.minimized.smtv1.smt2
z3 error on file 76_bug272.minimized.smtv1.smt2
Error with file 76_bug272.minimized.smtv1.smt2
z3 error on file 77_bug272.minimized.smtv1.smt2
Error with file 77_bug272.minimized.smtv1.smt2
z3 error on file 78_bug272.minimized.smtv1.smt2
Error with file 78_bug272.minimized.smtv1.smt2
z3 error on file 79_bug272.minimized.smtv1.smt2
Error with file 79_bug272.minimized.smtv1.smt2
z3 error on file 80_bug272.minimized.smtv1.smt2
Error with file 80_bug272.minimized.smtv1.smt2
z3 error on file 81_bug272.minimized.smtv1.smt2
Error with file 81_bug272.minimized.smtv1.smt2
z3 error on file 82_bug272.minimized.smtv1.smt2
Error with file 82_bug272.minimized.smtv1.smt2
z3 error on file 83_bug272.minimized.smtv1.smt2
Error with file 83_bug272.minimized.smtv1.smt2
z3 error on file 84_bug272.minimized.smtv1.smt2
Error with file 84_bug272.minimized.smtv1.smt2
z3 error on file 85_bug272.minimized.smtv1.smt2
Error with file 85_bug272.minimized.smtv1.smt2
z3 error on file 86_bug272.minimized.smtv1.smt2
Error with file 86_bug272.minimized.smtv1.smt2
z3 error on file 87_bug272.minimized.smtv1.smt2
Error with file 87_bug272.minimized.smtv1.smt2
z3 error on file 88_bug272.minimized.smtv1.smt2
Error with file 88_bug272.minimized.smtv1.smt2
z3 error on file 89_bug272.minimized.smtv1.smt2
Error with file 89_bug272.minimized.smtv1.smt2
z3 error on file 90_bug272.minimized.smtv1.smt2
Error with file 90_bug272.minimized.smtv1.smt2
z3 error on file 91_bug272.minimized.smtv1.smt2
Error with file 91_bug272.minimized.smtv1.smt2
z3 error on file 92_bug272.minimized.smtv1.smt2
Error with file 92_bug272.minimized.smtv1.smt2
z3 error on file 93_bug272.minimized.smtv1.smt2
Error with file 93_bug272.minimized.smtv1.smt2
z3 error on file 94_bug272.minimized.smtv1.smt2
Error with file 94_bug272.minimized.smtv1.smt2
z3 error on file 95_bug272.minimized.smtv1.smt2
Error with file 95_bug272.minimized.smtv1.smt2
z3 error on file 96_bug272.minimized.smtv1.smt2
Error with file 96_bug272.minimized.smtv1.smt2
z3 error on file 97_bug272.minimized.smtv1.smt2
Error with file 97_bug272.minimized.smtv1.smt2
z3 error on file 98_bug272.minimized.smtv1.smt2
Error with file 98_bug272.minimized.smtv1.smt2
z3 error on file 99_bug272.minimized.smtv1.smt2
Error with file 99_bug272.minimized.smtv1.smt2
z3 error on file 100_bug272.minimized.smtv1.smt2
Error with file 100_bug272.minimized.smtv1.smt2
z3 error on file 101_bug272.minimized.smtv1.smt2
Error with file 101_bug272.minimized.smtv1.smt2
z3 error on file 102_bug272.minimized.smtv1.smt2
Error with file 102_bug272.minimized.smtv1.smt2
z3 error on file 103_bug272.minimized.smtv1.smt2
Error with file 103_bug272.minimized.smtv1.smt2
z3 error on file 104_bug272.minimized.smtv1.smt2
Error with file 104_bug272.minimized.smtv1.smt2
z3 error on file 105_bug272.minimized.smtv1.smt2
Error with file 105_bug272.minimized.smtv1.smt2
z3 error on file 106_bug272.minimized.smtv1.smt2
Error with file 106_bug272.minimized.smtv1.smt2
z3 error on file 107_bug272.minimized.smtv1.smt2
Error with file 107_bug272.minimized.smtv1.smt2
z3 error on file 108_bug272.minimized.smtv1.smt2
Error with file 108_bug272.minimized.smtv1.smt2
z3 error on file 109_bug272.minimized.smtv1.smt2
Error with file 109_bug272.minimized.smtv1.smt2
z3 error on file 110_bug272.minimized.smtv1.smt2
Error with file 110_bug272.minimized.smtv1.smt2
z3 error on file 111_bug272.minimized.smtv1.smt2
Error with file 111_bug272.minimized.smtv1.smt2
z3 error on file 112_bug272.minimized.smtv1.smt2
Error with file 112_bug272.minimized.smtv1.smt2
z3 error on file 113_bug272.minimized.smtv1.smt2
Error with file 113_bug272.minimized.smtv1.smt2
z3 error on file 114_bug272.minimized.smtv1.smt2
Error with file 114_bug272.minimized.smtv1.smt2
z3 error on file 115_bug272.minimized.smtv1.smt2
Error with file 115_bug272.minimized.smtv1.smt2
z3 error on file 116_bug272.minimized.smtv1.smt2
Error with file 116_bug272.minimized.smtv1.smt2
z3 error on file 117_bug272.minimized.smtv1.smt2
Error with file 117_bug272.minimized.smtv1.smt2
z3 error on file 118_bug272.minimized.smtv1.smt2
Error with file 118_bug272.minimized.smtv1.smt2
z3 error on file 119_bug272.minimized.smtv1.smt2
Error with file 119_bug272.minimized.smtv1.smt2
z3 error on file 120_bug272.minimized.smtv1.smt2
Error with file 120_bug272.minimized.smtv1.smt2
z3 error on file 121_bug272.minimized.smtv1.smt2
Error with file 121_bug272.minimized.smtv1.smt2
z3 error on file 122_bug272.minimized.smtv1.smt2
Error with file 122_bug272.minimized.smtv1.smt2
z3 error on file 123_bug272.minimized.smtv1.smt2
Error with file 123_bug272.minimized.smtv1.smt2
z3 error on file 124_bug272.minimized.smtv1.smt2
Error with file 124_bug272.minimized.smtv1.smt2
z3 error on file 125_bug272.minimized.smtv1.smt2
Error with file 125_bug272.minimized.smtv1.smt2
z3 error on file 126_bug272.minimized.smtv1.smt2
Error with file 126_bug272.minimized.smtv1.smt2
z3 error on file 127_bug272.minimized.smtv1.smt2
Error with file 127_bug272.minimized.smtv1.smt2
z3 error on file 128_bug272.minimized.smtv1.smt2
Error with file 128_bug272.minimized.smtv1.smt2
z3 error on file 129_bug272.minimized.smtv1.smt2
Error with file 129_bug272.minimized.smtv1.smt2
z3 error on file 130_bug272.minimized.smtv1.smt2
Error with file 130_bug272.minimized.smtv1.smt2
z3 error on file 131_bug272.minimized.smtv1.smt2
Error with file 131_bug272.minimized.smtv1.smt2
z3 error on file 132_bug272.minimized.smtv1.smt2
Error with file 132_bug272.minimized.smtv1.smt2
z3 error on file 133_bug272.minimized.smtv1.smt2
Error with file 133_bug272.minimized.smtv1.smt2
z3 error on file 134_bug272.minimized.smtv1.smt2
Error with file 134_bug272.minimized.smtv1.smt2
z3 error on file 135_bug272.minimized.smtv1.smt2
Error with file 135_bug272.minimized.smtv1.smt2
z3 error on file 136_bug272.minimized.smtv1.smt2
Error with file 136_bug272.minimized.smtv1.smt2
z3 error on file 137_bug272.minimized.smtv1.smt2
Error with file 137_bug272.minimized.smtv1.smt2
z3 error on file 138_bug272.minimized.smtv1.smt2
Error with file 138_bug272.minimized.smtv1.smt2
z3 error on file 139_bug272.minimized.smtv1.smt2
Error with file 139_bug272.minimized.smtv1.smt2
z3 error on file 140_bug272.minimized.smtv1.smt2
Error with file 140_bug272.minimized.smtv1.smt2
z3 error on file 141_bug272.minimized.smtv1.smt2
Error with file 141_bug272.minimized.smtv1.smt2
z3 error on file 142_bug272.minimized.smtv1.smt2
Error with file 142_bug272.minimized.smtv1.smt2
z3 error on file 143_bug272.minimized.smtv1.smt2
Error with file 143_bug272.minimized.smtv1.smt2
z3 error on file 144_bug272.minimized.smtv1.smt2
Error with file 144_bug272.minimized.smtv1.smt2
z3 error on file 145_bug272.minimized.smtv1.smt2
Error with file 145_bug272.minimized.smtv1.smt2
z3 error on file 146_bug272.minimized.smtv1.smt2
Error with file 146_bug272.minimized.smtv1.smt2
z3 error on file 147_bug272.minimized.smtv1.smt2
Error with file 147_bug272.minimized.smtv1.smt2
z3 error on file 148_bug272.minimized.smtv1.smt2
Error with file 148_bug272.minimized.smtv1.smt2
z3 error on file 149_bug272.minimized.smtv1.smt2
Error with file 149_bug272.minimized.smtv1.smt2
z3 error on file 150_bug272.minimized.smtv1.smt2
Error with file 150_bug272.minimized.smtv1.smt2
z3 error on file 151_bug272.minimized.smtv1.smt2
Error with file 151_bug272.minimized.smtv1.smt2
z3 error on file 152_bug272.minimized.smtv1.smt2
Error with file 152_bug272.minimized.smtv1.smt2
z3 error on file 153_bug272.minimized.smtv1.smt2
Error with file 153_bug272.minimized.smtv1.smt2
z3 error on file 154_bug272.minimized.smtv1.smt2
Error with file 154_bug272.minimized.smtv1.smt2
z3 error on file 155_bug272.minimized.smtv1.smt2
Error with file 155_bug272.minimized.smtv1.smt2
z3 error on file 156_bug272.minimized.smtv1.smt2
Error with file 156_bug272.minimized.smtv1.smt2
z3 error on file 157_bug272.minimized.smtv1.smt2
Error with file 157_bug272.minimized.smtv1.smt2
z3 error on file 158_bug272.minimized.smtv1.smt2
Error with file 158_bug272.minimized.smtv1.smt2
z3 error on file 159_bug272.minimized.smtv1.smt2
Error with file 159_bug272.minimized.smtv1.smt2
z3 error on file 160_bug272.minimized.smtv1.smt2
Error with file 160_bug272.minimized.smtv1.smt2
z3 error on file 161_bug272.minimized.smtv1.smt2
Error with file 161_bug272.minimized.smtv1.smt2
z3 error on file 162_bug272.minimized.smtv1.smt2
Error with file 162_bug272.minimized.smtv1.smt2
z3 error on file 163_bug272.minimized.smtv1.smt2
Error with file 163_bug272.minimized.smtv1.smt2
z3 error on file 164_bug272.minimized.smtv1.smt2
Error with file 164_bug272.minimized.smtv1.smt2
z3 error on file 165_bug272.minimized.smtv1.smt2
Error with file 165_bug272.minimized.smtv1.smt2
z3 error on file 166_bug272.minimized.smtv1.smt2
Error with file 166_bug272.minimized.smtv1.smt2
z3 error on file 167_bug272.minimized.smtv1.smt2
Error with file 167_bug272.minimized.smtv1.smt2
z3 error on file 168_bug272.minimized.smtv1.smt2
Error with file 168_bug272.minimized.smtv1.smt2
z3 error on file 169_bug272.minimized.smtv1.smt2
Error with file 169_bug272.minimized.smtv1.smt2
z3 error on file 170_bug272.minimized.smtv1.smt2
Error with file 170_bug272.minimized.smtv1.smt2
z3 error on file 171_bug272.minimized.smtv1.smt2
Error with file 171_bug272.minimized.smtv1.smt2
z3 error on file 172_bug272.minimized.smtv1.smt2
Error with file 172_bug272.minimized.smtv1.smt2
z3 error on file 173_bug272.minimized.smtv1.smt2
Error with file 173_bug272.minimized.smtv1.smt2
z3 error on file 174_bug272.minimized.smtv1.smt2
Error with file 174_bug272.minimized.smtv1.smt2
z3 error on file 175_bug272.minimized.smtv1.smt2
Error with file 175_bug272.minimized.smtv1.smt2
z3 error on file 176_bug272.minimized.smtv1.smt2
Error with file 176_bug272.minimized.smtv1.smt2
z3 error on file 177_bug272.minimized.smtv1.smt2
Error with file 177_bug272.minimized.smtv1.smt2
z3 error on file 178_bug272.minimized.smtv1.smt2
Error with file 178_bug272.minimized.smtv1.smt2
z3 error on file 179_bug272.minimized.smtv1.smt2
Error with file 179_bug272.minimized.smtv1.smt2
z3 error on file 180_bug272.minimized.smtv1.smt2
Error with file 180_bug272.minimized.smtv1.smt2
z3 error on file 181_bug272.minimized.smtv1.smt2
Error with file 181_bug272.minimized.smtv1.smt2
z3 error on file 182_bug272.minimized.smtv1.smt2
Error with file 182_bug272.minimized.smtv1.smt2
z3 error on file 183_bug272.minimized.smtv1.smt2
Error with file 183_bug272.minimized.smtv1.smt2
z3 error on file 184_bug272.minimized.smtv1.smt2
Error with file 184_bug272.minimized.smtv1.smt2
z3 error on file 185_bug272.minimized.smtv1.smt2
Error with file 185_bug272.minimized.smtv1.smt2
z3 error on file 186_bug272.minimized.smtv1.smt2
Error with file 186_bug272.minimized.smtv1.smt2
z3 error on file 187_bug272.minimized.smtv1.smt2
Error with file 187_bug272.minimized.smtv1.smt2
z3 error on file 188_bug272.minimized.smtv1.smt2
Error with file 188_bug272.minimized.smtv1.smt2
z3 error on file 189_bug272.minimized.smtv1.smt2
Error with file 189_bug272.minimized.smtv1.smt2
z3 error on file 190_bug272.minimized.smtv1.smt2
Error with file 190_bug272.minimized.smtv1.smt2
z3 error on file 191_bug272.minimized.smtv1.smt2
Error with file 191_bug272.minimized.smtv1.smt2
z3 error on file 192_bug272.minimized.smtv1.smt2
Error with file 192_bug272.minimized.smtv1.smt2
z3 error on file 193_bug272.minimized.smtv1.smt2
Error with file 193_bug272.minimized.smtv1.smt2
z3 error on file 194_bug272.minimized.smtv1.smt2
Error with file 194_bug272.minimized.smtv1.smt2
z3 error on file 195_bug272.minimized.smtv1.smt2
Error with file 195_bug272.minimized.smtv1.smt2
z3 error on file 196_bug272.minimized.smtv1.smt2
Error with file 196_bug272.minimized.smtv1.smt2
z3 error on file 197_bug272.minimized.smtv1.smt2
Error with file 197_bug272.minimized.smtv1.smt2
z3 error on file 198_bug272.minimized.smtv1.smt2
Error with file 198_bug272.minimized.smtv1.smt2
z3 error on file 199_bug272.minimized.smtv1.smt2
Error with file 199_bug272.minimized.smtv1.smt2
z3 error on file 200_bug272.minimized.smtv1.smt2
Error with file 200_bug272.minimized.smtv1.smt2
z3 error on file 201_bug272.minimized.smtv1.smt2
Error with file 201_bug272.minimized.smtv1.smt2
z3 error on file 202_bug272.minimized.smtv1.smt2
Error with file 202_bug272.minimized.smtv1.smt2
z3 error on file 203_bug272.minimized.smtv1.smt2
Error with file 203_bug272.minimized.smtv1.smt2
z3 error on file 204_bug272.minimized.smtv1.smt2
Error with file 204_bug272.minimized.smtv1.smt2
z3 error on file 205_bug272.minimized.smtv1.smt2
Error with file 205_bug272.minimized.smtv1.smt2
z3 error on file 206_bug272.minimized.smtv1.smt2
Error with file 206_bug272.minimized.smtv1.smt2
z3 error on file 207_bug272.minimized.smtv1.smt2
Error with file 207_bug272.minimized.smtv1.smt2
z3 error on file 208_bug272.minimized.smtv1.smt2
Error with file 208_bug272.minimized.smtv1.smt2
z3 error on file 209_bug272.minimized.smtv1.smt2
Error with file 209_bug272.minimized.smtv1.smt2
z3 error on file 210_bug272.minimized.smtv1.smt2
Error with file 210_bug272.minimized.smtv1.smt2
z3 error on file 211_bug272.minimized.smtv1.smt2
Error with file 211_bug272.minimized.smtv1.smt2
z3 error on file 212_bug272.minimized.smtv1.smt2
Error with file 212_bug272.minimized.smtv1.smt2
z3 error on file 213_bug272.minimized.smtv1.smt2
Error with file 213_bug272.minimized.smtv1.smt2
z3 error on file 214_bug272.minimized.smtv1.smt2
Error with file 214_bug272.minimized.smtv1.smt2
z3 error on file 215_bug272.minimized.smtv1.smt2
Error with file 215_bug272.minimized.smtv1.smt2
z3 error on file 216_bug272.minimized.smtv1.smt2
Error with file 216_bug272.minimized.smtv1.smt2
z3 error on file 217_bug272.minimized.smtv1.smt2
Error with file 217_bug272.minimized.smtv1.smt2
z3 error on file 218_bug272.minimized.smtv1.smt2
Error with file 218_bug272.minimized.smtv1.smt2
z3 error on file 219_bug272.minimized.smtv1.smt2
Error with file 219_bug272.minimized.smtv1.smt2
z3 error on file 220_bug272.minimized.smtv1.smt2
Error with file 220_bug272.minimized.smtv1.smt2
z3 error on file 221_bug272.minimized.smtv1.smt2
Error with file 221_bug272.minimized.smtv1.smt2
z3 error on file 222_bug272.minimized.smtv1.smt2
Error with file 222_bug272.minimized.smtv1.smt2
z3 error on file 223_bug272.minimized.smtv1.smt2
Error with file 223_bug272.minimized.smtv1.smt2
z3 error on file 224_bug272.minimized.smtv1.smt2
Error with file 224_bug272.minimized.smtv1.smt2
z3 error on file 225_bug272.minimized.smtv1.smt2
Error with file 225_bug272.minimized.smtv1.smt2
z3 error on file 226_bug272.minimized.smtv1.smt2
Error with file 226_bug272.minimized.smtv1.smt2
z3 error on file 227_bug272.minimized.smtv1.smt2
Error with file 227_bug272.minimized.smtv1.smt2
z3 error on file 228_bug272.minimized.smtv1.smt2
Error with file 228_bug272.minimized.smtv1.smt2
z3 error on file 229_bug272.minimized.smtv1.smt2
Error with file 229_bug272.minimized.smtv1.smt2
z3 error on file 230_bug272.minimized.smtv1.smt2
Error with file 230_bug272.minimized.smtv1.smt2
z3 error on file 231_bug272.minimized.smtv1.smt2
Error with file 231_bug272.minimized.smtv1.smt2
z3 error on file 232_bug272.minimized.smtv1.smt2
Error with file 232_bug272.minimized.smtv1.smt2
z3 error on file 233_bug272.minimized.smtv1.smt2
Error with file 233_bug272.minimized.smtv1.smt2
z3 error on file 234_bug272.minimized.smtv1.smt2
Error with file 234_bug272.minimized.smtv1.smt2
z3 error on file 235_bug272.minimized.smtv1.smt2
Error with file 235_bug272.minimized.smtv1.smt2
z3 error on file 236_bug272.minimized.smtv1.smt2
Error with file 236_bug272.minimized.smtv1.smt2
z3 error on file 237_bug272.minimized.smtv1.smt2
Error with file 237_bug272.minimized.smtv1.smt2
z3 error on file 238_bug272.minimized.smtv1.smt2
Error with file 238_bug272.minimized.smtv1.smt2
z3 error on file 239_bug272.minimized.smtv1.smt2
Error with file 239_bug272.minimized.smtv1.smt2
z3 error on file 240_bug272.minimized.smtv1.smt2
Error with file 240_bug272.minimized.smtv1.smt2
z3 error on file 241_bug272.minimized.smtv1.smt2
Error with file 241_bug272.minimized.smtv1.smt2
z3 error on file 242_bug272.minimized.smtv1.smt2
Error with file 242_bug272.minimized.smtv1.smt2
z3 error on file 243_bug272.minimized.smtv1.smt2
Error with file 243_bug272.minimized.smtv1.smt2
z3 error on file 244_bug272.minimized.smtv1.smt2
Error with file 244_bug272.minimized.smtv1.smt2
z3 error on file 245_bug272.minimized.smtv1.smt2
Error with file 245_bug272.minimized.smtv1.smt2
z3 error on file 246_bug272.minimized.smtv1.smt2
Error with file 246_bug272.minimized.smtv1.smt2
z3 error on file 247_bug272.minimized.smtv1.smt2
Error with file 247_bug272.minimized.smtv1.smt2
z3 error on file 248_bug272.minimized.smtv1.smt2
Error with file 248_bug272.minimized.smtv1.smt2
z3 error on file 249_bug272.minimized.smtv1.smt2
Error with file 249_bug272.minimized.smtv1.smt2
z3 error on file 250_bug272.minimized.smtv1.smt2
Error with file 250_bug272.minimized.smtv1.smt2
z3 error on file 251_bug272.minimized.smtv1.smt2
Error with file 251_bug272.minimized.smtv1.smt2
z3 error on file 252_bug272.minimized.smtv1.smt2
Error with file 252_bug272.minimized.smtv1.smt2
z3 error on file 253_bug272.minimized.smtv1.smt2
Error with file 253_bug272.minimized.smtv1.smt2
z3 error on file 254_bug272.minimized.smtv1.smt2
Error with file 254_bug272.minimized.smtv1.smt2
z3 error on file 255_bug272.minimized.smtv1.smt2
Error with file 255_bug272.minimized.smtv1.smt2
z3 error on file 256_bug272.minimized.smtv1.smt2
Error with file 256_bug272.minimized.smtv1.smt2
z3 error on file 257_bug272.minimized.smtv1.smt2
Error with file 257_bug272.minimized.smtv1.smt2
z3 error on file 258_bug272.minimized.smtv1.smt2
Error with file 258_bug272.minimized.smtv1.smt2
z3 error on file 259_bug272.minimized.smtv1.smt2
Error with file 259_bug272.minimized.smtv1.smt2
z3 error on file 260_bug272.minimized.smtv1.smt2
Error with file 260_bug272.minimized.smtv1.smt2
z3 error on file 261_bug272.minimized.smtv1.smt2
Error with file 261_bug272.minimized.smtv1.smt2
z3 error on file 262_bug272.minimized.smtv1.smt2
Error with file 262_bug272.minimized.smtv1.smt2
z3 error on file 263_bug272.minimized.smtv1.smt2
Error with file 263_bug272.minimized.smtv1.smt2
z3 error on file 264_bug272.minimized.smtv1.smt2
Error with file 264_bug272.minimized.smtv1.smt2
z3 error on file 265_bug272.minimized.smtv1.smt2
Error with file 265_bug272.minimized.smtv1.smt2
z3 error on file 266_bug272.minimized.smtv1.smt2
Error with file 266_bug272.minimized.smtv1.smt2
z3 error on file 267_bug272.minimized.smtv1.smt2
Error with file 267_bug272.minimized.smtv1.smt2
z3 error on file 268_bug272.minimized.smtv1.smt2
Error with file 268_bug272.minimized.smtv1.smt2
z3 error on file 269_bug272.minimized.smtv1.smt2
Error with file 269_bug272.minimized.smtv1.smt2
z3 error on file 270_bug272.minimized.smtv1.smt2
Error with file 270_bug272.minimized.smtv1.smt2
z3 error on file 271_bug272.minimized.smtv1.smt2
Error with file 271_bug272.minimized.smtv1.smt2
z3 error on file 272_bug272.minimized.smtv1.smt2
Error with file 272_bug272.minimized.smtv1.smt2
z3 error on file 273_bug272.minimized.smtv1.smt2
Error with file 273_bug272.minimized.smtv1.smt2
z3 error on file 274_bug272.minimized.smtv1.smt2
Error with file 274_bug272.minimized.smtv1.smt2
z3 error on file 275_bug272.minimized.smtv1.smt2
Error with file 275_bug272.minimized.smtv1.smt2
z3 error on file 276_bug272.minimized.smtv1.smt2
Error with file 276_bug272.minimized.smtv1.smt2
z3 error on file 277_bug272.minimized.smtv1.smt2
Error with file 277_bug272.minimized.smtv1.smt2
z3 error on file 278_bug272.minimized.smtv1.smt2
Error with file 278_bug272.minimized.smtv1.smt2
z3 error on file 279_bug272.minimized.smtv1.smt2
Error with file 279_bug272.minimized.smtv1.smt2
z3 error on file 280_bug272.minimized.smtv1.smt2
Error with file 280_bug272.minimized.smtv1.smt2
z3 error on file 281_bug272.minimized.smtv1.smt2
Error with file 281_bug272.minimized.smtv1.smt2
z3 error on file 282_bug272.minimized.smtv1.smt2
Error with file 282_bug272.minimized.smtv1.smt2
z3 error on file 283_bug272.minimized.smtv1.smt2
Error with file 283_bug272.minimized.smtv1.smt2
z3 error on file 284_bug272.minimized.smtv1.smt2
Error with file 284_bug272.minimized.smtv1.smt2
z3 error on file 285_bug272.minimized.smtv1.smt2
Error with file 285_bug272.minimized.smtv1.smt2
z3 error on file 286_bug272.minimized.smtv1.smt2
Error with file 286_bug272.minimized.smtv1.smt2
z3 error on file 287_bug272.minimized.smtv1.smt2
Error with file 287_bug272.minimized.smtv1.smt2
z3 error on file 288_bug272.minimized.smtv1.smt2
Error with file 288_bug272.minimized.smtv1.smt2
z3 error on file 289_bug272.minimized.smtv1.smt2
Error with file 289_bug272.minimized.smtv1.smt2
z3 error on file 290_bug272.minimized.smtv1.smt2
Error with file 290_bug272.minimized.smtv1.smt2
z3 error on file 291_bug272.minimized.smtv1.smt2
Error with file 291_bug272.minimized.smtv1.smt2
z3 error on file 292_bug272.minimized.smtv1.smt2
Error with file 292_bug272.minimized.smtv1.smt2
z3 error on file 293_bug272.minimized.smtv1.smt2
Error with file 293_bug272.minimized.smtv1.smt2
z3 error on file 294_bug272.minimized.smtv1.smt2
Error with file 294_bug272.minimized.smtv1.smt2
z3 error on file 295_bug272.minimized.smtv1.smt2
Error with file 295_bug272.minimized.smtv1.smt2
z3 error on file 296_bug272.minimized.smtv1.smt2
Error with file 296_bug272.minimized.smtv1.smt2
z3 error on file 297_bug272.minimized.smtv1.smt2
Error with file 297_bug272.minimized.smtv1.smt2
z3 error on file 298_bug272.minimized.smtv1.smt2
Error with file 298_bug272.minimized.smtv1.smt2
z3 error on file 299_bug272.minimized.smtv1.smt2
Error with file 299_bug272.minimized.smtv1.smt2
z3 error on file 300_bug272.minimized.smtv1.smt2
Error with file 300_bug272.minimized.smtv1.smt2
z3 error on file 301_bug272.minimized.smtv1.smt2
Error with file 301_bug272.minimized.smtv1.smt2
z3 error on file 302_bug272.minimized.smtv1.smt2
Error with file 302_bug272.minimized.smtv1.smt2
z3 error on file 303_bug272.minimized.smtv1.smt2
Error with file 303_bug272.minimized.smtv1.smt2
z3 error on file 304_bug272.minimized.smtv1.smt2
Error with file 304_bug272.minimized.smtv1.smt2
z3 error on file 305_bug272.minimized.smtv1.smt2
Error with file 305_bug272.minimized.smtv1.smt2
z3 error on file 306_bug272.minimized.smtv1.smt2
Error with file 306_bug272.minimized.smtv1.smt2
z3 error on file 307_bug272.minimized.smtv1.smt2
Error with file 307_bug272.minimized.smtv1.smt2
z3 error on file 308_bug272.minimized.smtv1.smt2
Error with file 308_bug272.minimized.smtv1.smt2
z3 error on file 309_bug272.minimized.smtv1.smt2
Error with file 309_bug272.minimized.smtv1.smt2
z3 error on file 310_bug272.minimized.smtv1.smt2
Error with file 310_bug272.minimized.smtv1.smt2
z3 error on file 311_bug272.minimized.smtv1.smt2
Error with file 311_bug272.minimized.smtv1.smt2
z3 error on file 312_bug272.minimized.smtv1.smt2
Error with file 312_bug272.minimized.smtv1.smt2
z3 error on file 313_bug272.minimized.smtv1.smt2
Error with file 313_bug272.minimized.smtv1.smt2
z3 error on file 314_bug272.minimized.smtv1.smt2
Error with file 314_bug272.minimized.smtv1.smt2
z3 error on file 315_bug272.minimized.smtv1.smt2
Error with file 315_bug272.minimized.smtv1.smt2
z3 error on file 316_bug272.minimized.smtv1.smt2
Error with file 316_bug272.minimized.smtv1.smt2
z3 error on file 317_bug272.minimized.smtv1.smt2
Error with file 317_bug272.minimized.smtv1.smt2
z3 error on file 318_bug272.minimized.smtv1.smt2
Error with file 318_bug272.minimized.smtv1.smt2
z3 error on file 319_bug272.minimized.smtv1.smt2
Error with file 319_bug272.minimized.smtv1.smt2
z3 error on file 320_bug272.minimized.smtv1.smt2
Error with file 320_bug272.minimized.smtv1.smt2
z3 error on file 321_bug272.minimized.smtv1.smt2
Error with file 321_bug272.minimized.smtv1.smt2
z3 error on file 322_bug272.minimized.smtv1.smt2
Error with file 322_bug272.minimized.smtv1.smt2
z3 error on file 323_bug272.minimized.smtv1.smt2
Error with file 323_bug272.minimized.smtv1.smt2
z3 error on file 324_bug272.minimized.smtv1.smt2
Error with file 324_bug272.minimized.smtv1.smt2
z3 error on file 325_bug272.minimized.smtv1.smt2
Error with file 325_bug272.minimized.smtv1.smt2
z3 error on file 326_bug272.minimized.smtv1.smt2
Error with file 326_bug272.minimized.smtv1.smt2
z3 error on file 327_bug272.minimized.smtv1.smt2
Error with file 327_bug272.minimized.smtv1.smt2
z3 error on file 328_bug272.minimized.smtv1.smt2
Error with file 328_bug272.minimized.smtv1.smt2
z3 error on file 329_bug272.minimized.smtv1.smt2
Error with file 329_bug272.minimized.smtv1.smt2
z3 error on file 330_bug272.minimized.smtv1.smt2
Error with file 330_bug272.minimized.smtv1.smt2
z3 error on file 331_bug272.minimized.smtv1.smt2
Error with file 331_bug272.minimized.smtv1.smt2
z3 error on file 332_bug272.minimized.smtv1.smt2
Error with file 332_bug272.minimized.smtv1.smt2
z3 error on file 333_bug272.minimized.smtv1.smt2
Error with file 333_bug272.minimized.smtv1.smt2
z3 error on file 334_bug272.minimized.smtv1.smt2
Error with file 334_bug272.minimized.smtv1.smt2
z3 error on file 335_bug272.minimized.smtv1.smt2
Error with file 335_bug272.minimized.smtv1.smt2
z3 error on file 336_bug272.minimized.smtv1.smt2
Error with file 336_bug272.minimized.smtv1.smt2
z3 error on file 337_bug272.minimized.smtv1.smt2
Error with file 337_bug272.minimized.smtv1.smt2
z3 error on file 338_bug272.minimized.smtv1.smt2
Error with file 338_bug272.minimized.smtv1.smt2
z3 error on file 339_bug272.minimized.smtv1.smt2
Error with file 339_bug272.minimized.smtv1.smt2
z3 error on file 340_bug272.minimized.smtv1.smt2
Error with file 340_bug272.minimized.smtv1.smt2
z3 error on file 341_bug272.minimized.smtv1.smt2
Error with file 341_bug272.minimized.smtv1.smt2
z3 error on file 342_bug272.minimized.smtv1.smt2
Error with file 342_bug272.minimized.smtv1.smt2
z3 error on file 343_bug272.minimized.smtv1.smt2
Error with file 343_bug272.minimized.smtv1.smt2
z3 error on file 344_bug272.minimized.smtv1.smt2
Error with file 344_bug272.minimized.smtv1.smt2
z3 error on file 345_bug272.minimized.smtv1.smt2
Error with file 345_bug272.minimized.smtv1.smt2
z3 error on file 346_bug272.minimized.smtv1.smt2
Error with file 346_bug272.minimized.smtv1.smt2
z3 error on file 347_bug272.minimized.smtv1.smt2
Error with file 347_bug272.minimized.smtv1.smt2
z3 error on file 348_bug272.minimized.smtv1.smt2
Error with file 348_bug272.minimized.smtv1.smt2
z3 error on file 349_bug272.minimized.smtv1.smt2
Error with file 349_bug272.minimized.smtv1.smt2
z3 error on file 350_bug272.minimized.smtv1.smt2
Error with file 350_bug272.minimized.smtv1.smt2
z3 error on file 351_bug272.minimized.smtv1.smt2
Error with file 351_bug272.minimized.smtv1.smt2
z3 error on file 352_bug272.minimized.smtv1.smt2
Error with file 352_bug272.minimized.smtv1.smt2
z3 error on file 353_bug272.minimized.smtv1.smt2
Error with file 353_bug272.minimized.smtv1.smt2
z3 error on file 354_bug272.minimized.smtv1.smt2
Error with file 354_bug272.minimized.smtv1.smt2
z3 error on file 355_bug272.minimized.smtv1.smt2
Error with file 355_bug272.minimized.smtv1.smt2
z3 error on file 356_bug272.minimized.smtv1.smt2
Error with file 356_bug272.minimized.smtv1.smt2
z3 error on file 357_bug272.minimized.smtv1.smt2
Error with file 357_bug272.minimized.smtv1.smt2
z3 error on file 358_bug272.minimized.smtv1.smt2
Error with file 358_bug272.minimized.smtv1.smt2
z3 error on file 359_bug272.minimized.smtv1.smt2
Error with file 359_bug272.minimized.smtv1.smt2
z3 error on file 360_bug272.minimized.smtv1.smt2
Error with file 360_bug272.minimized.smtv1.smt2
z3 error on file 361_bug272.minimized.smtv1.smt2
Error with file 361_bug272.minimized.smtv1.smt2
z3 error on file 362_bug272.minimized.smtv1.smt2
Error with file 362_bug272.minimized.smtv1.smt2
z3 error on file 363_bug272.minimized.smtv1.smt2
Error with file 363_bug272.minimized.smtv1.smt2
z3 error on file 364_bug272.minimized.smtv1.smt2
Error with file 364_bug272.minimized.smtv1.smt2
z3 error on file 365_bug272.minimized.smtv1.smt2
Error with file 365_bug272.minimized.smtv1.smt2
z3 error on file 366_bug272.minimized.smtv1.smt2
Error with file 366_bug272.minimized.smtv1.smt2
z3 error on file 367_bug272.minimized.smtv1.smt2
Error with file 367_bug272.minimized.smtv1.smt2
z3 error on file 368_bug272.minimized.smtv1.smt2
Error with file 368_bug272.minimized.smtv1.smt2
z3 error on file 369_bug272.minimized.smtv1.smt2
Error with file 369_bug272.minimized.smtv1.smt2
z3 error on file 370_bug272.minimized.smtv1.smt2
Error with file 370_bug272.minimized.smtv1.smt2
z3 error on file 371_bug272.minimized.smtv1.smt2
Error with file 371_bug272.minimized.smtv1.smt2
z3 error on file 372_bug272.minimized.smtv1.smt2
Error with file 372_bug272.minimized.smtv1.smt2
z3 error on file 373_bug272.minimized.smtv1.smt2
Error with file 373_bug272.minimized.smtv1.smt2
z3 error on file 374_bug272.minimized.smtv1.smt2
Error with file 374_bug272.minimized.smtv1.smt2
z3 error on file 375_bug272.minimized.smtv1.smt2
Error with file 375_bug272.minimized.smtv1.smt2
z3 error on file 376_bug272.minimized.smtv1.smt2
Error with file 376_bug272.minimized.smtv1.smt2
z3 error on file 377_bug272.minimized.smtv1.smt2
Error with file 377_bug272.minimized.smtv1.smt2
z3 error on file 378_bug272.minimized.smtv1.smt2
Error with file 378_bug272.minimized.smtv1.smt2
z3 error on file 379_bug272.minimized.smtv1.smt2
Error with file 379_bug272.minimized.smtv1.smt2
z3 error on file 380_bug272.minimized.smtv1.smt2
Error with file 380_bug272.minimized.smtv1.smt2
z3 error on file 381_bug272.minimized.smtv1.smt2
Error with file 381_bug272.minimized.smtv1.smt2
z3 error on file 382_bug272.minimized.smtv1.smt2
Error with file 382_bug272.minimized.smtv1.smt2
z3 error on file 383_bug272.minimized.smtv1.smt2
Error with file 383_bug272.minimized.smtv1.smt2
z3 error on file 384_bug272.minimized.smtv1.smt2
Error with file 384_bug272.minimized.smtv1.smt2
z3 error on file 385_bug272.minimized.smtv1.smt2
Error with file 385_bug272.minimized.smtv1.smt2
z3 error on file 386_bug272.minimized.smtv1.smt2
Error with file 386_bug272.minimized.smtv1.smt2
z3 error on file 387_bug272.minimized.smtv1.smt2
Error with file 387_bug272.minimized.smtv1.smt2
z3 error on file 388_bug272.minimized.smtv1.smt2
Error with file 388_bug272.minimized.smtv1.smt2
z3 error on file 389_bug272.minimized.smtv1.smt2
Error with file 389_bug272.minimized.smtv1.smt2
z3 error on file 390_bug272.minimized.smtv1.smt2
Error with file 390_bug272.minimized.smtv1.smt2
z3 error on file 391_bug272.minimized.smtv1.smt2
Error with file 391_bug272.minimized.smtv1.smt2
z3 error on file 392_bug272.minimized.smtv1.smt2
Error with file 392_bug272.minimized.smtv1.smt2
z3 error on file 393_bug272.minimized.smtv1.smt2
Error with file 393_bug272.minimized.smtv1.smt2
z3 error on file 394_bug272.minimized.smtv1.smt2
Error with file 394_bug272.minimized.smtv1.smt2
z3 error on file 395_bug272.minimized.smtv1.smt2
Error with file 395_bug272.minimized.smtv1.smt2
z3 error on file 396_bug272.minimized.smtv1.smt2
Error with file 396_bug272.minimized.smtv1.smt2
z3 error on file 397_bug272.minimized.smtv1.smt2
Error with file 397_bug272.minimized.smtv1.smt2
z3 error on file 398_bug272.minimized.smtv1.smt2
Error with file 398_bug272.minimized.smtv1.smt2
z3 error on file 399_bug272.minimized.smtv1.smt2
Error with file 399_bug272.minimized.smtv1.smt2
z3 error on file 400_bug272.minimized.smtv1.smt2
Error with file 400_bug272.minimized.smtv1.smt2
z3 error on file 401_bug272.minimized.smtv1.smt2
Error with file 401_bug272.minimized.smtv1.smt2
z3 error on file 402_bug272.minimized.smtv1.smt2
Error with file 402_bug272.minimized.smtv1.smt2
z3 error on file 403_bug272.minimized.smtv1.smt2
Error with file 403_bug272.minimized.smtv1.smt2
z3 error on file 404_bug272.minimized.smtv1.smt2
Error with file 404_bug272.minimized.smtv1.smt2
z3 error on file 405_bug272.minimized.smtv1.smt2
Error with file 405_bug272.minimized.smtv1.smt2
z3 error on file 406_bug272.minimized.smtv1.smt2
Error with file 406_bug272.minimized.smtv1.smt2
z3 error on file 407_bug272.minimized.smtv1.smt2
Error with file 407_bug272.minimized.smtv1.smt2
z3 error on file 408_bug272.minimized.smtv1.smt2
Error with file 408_bug272.minimized.smtv1.smt2
z3 error on file 409_bug272.minimized.smtv1.smt2
Error with file 409_bug272.minimized.smtv1.smt2
z3 error on file 410_bug272.minimized.smtv1.smt2
Error with file 410_bug272.minimized.smtv1.smt2
z3 error on file 411_bug272.minimized.smtv1.smt2
Error with file 411_bug272.minimized.smtv1.smt2
z3 error on file 412_bug272.minimized.smtv1.smt2
Error with file 412_bug272.minimized.smtv1.smt2
z3 error on file 413_bug272.minimized.smtv1.smt2
Error with file 413_bug272.minimized.smtv1.smt2
z3 error on file 414_bug272.minimized.smtv1.smt2
Error with file 414_bug272.minimized.smtv1.smt2
z3 error on file 415_bug272.minimized.smtv1.smt2
Error with file 415_bug272.minimized.smtv1.smt2
z3 error on file 416_bug272.minimized.smtv1.smt2
Error with file 416_bug272.minimized.smtv1.smt2
z3 error on file 417_bug272.minimized.smtv1.smt2
Error with file 417_bug272.minimized.smtv1.smt2
z3 error on file 418_bug272.minimized.smtv1.smt2
Error with file 418_bug272.minimized.smtv1.smt2
z3 error on file 419_bug272.minimized.smtv1.smt2
Error with file 419_bug272.minimized.smtv1.smt2
z3 error on file 420_bug272.minimized.smtv1.smt2
Error with file 420_bug272.minimized.smtv1.smt2
z3 error on file 421_bug272.minimized.smtv1.smt2
Error with file 421_bug272.minimized.smtv1.smt2
z3 error on file 422_bug272.minimized.smtv1.smt2
Error with file 422_bug272.minimized.smtv1.smt2
z3 error on file 423_bug272.minimized.smtv1.smt2
Error with file 423_bug272.minimized.smtv1.smt2
z3 error on file 424_bug272.minimized.smtv1.smt2
Error with file 424_bug272.minimized.smtv1.smt2
z3 error on file 425_bug272.minimized.smtv1.smt2
Error with file 425_bug272.minimized.smtv1.smt2
z3 error on file 426_bug272.minimized.smtv1.smt2
Error with file 426_bug272.minimized.smtv1.smt2
z3 error on file 427_bug272.minimized.smtv1.smt2
Error with file 427_bug272.minimized.smtv1.smt2
z3 error on file 428_bug272.minimized.smtv1.smt2
Error with file 428_bug272.minimized.smtv1.smt2
z3 error on file 429_bug272.minimized.smtv1.smt2
Error with file 429_bug272.minimized.smtv1.smt2
z3 error on file 430_bug272.minimized.smtv1.smt2
Error with file 430_bug272.minimized.smtv1.smt2
z3 error on file 431_bug272.minimized.smtv1.smt2
Error with file 431_bug272.minimized.smtv1.smt2
z3 error on file 432_bug272.minimized.smtv1.smt2
Error with file 432_bug272.minimized.smtv1.smt2
z3 error on file 433_bug272.minimized.smtv1.smt2
Error with file 433_bug272.minimized.smtv1.smt2
z3 error on file 434_bug272.minimized.smtv1.smt2
Error with file 434_bug272.minimized.smtv1.smt2
z3 error on file 435_bug272.minimized.smtv1.smt2
Error with file 435_bug272.minimized.smtv1.smt2
z3 error on file 436_bug272.minimized.smtv1.smt2
Error with file 436_bug272.minimized.smtv1.smt2
z3 error on file 437_bug272.minimized.smtv1.smt2
Error with file 437_bug272.minimized.smtv1.smt2
z3 error on file 438_bug272.minimized.smtv1.smt2
Error with file 438_bug272.minimized.smtv1.smt2
z3 error on file 439_bug272.minimized.smtv1.smt2
Error with file 439_bug272.minimized.smtv1.smt2
z3 error on file 440_bug272.minimized.smtv1.smt2
Error with file 440_bug272.minimized.smtv1.smt2
z3 error on file 441_bug272.minimized.smtv1.smt2
Error with file 441_bug272.minimized.smtv1.smt2
z3 error on file 442_bug272.minimized.smtv1.smt2
Error with file 442_bug272.minimized.smtv1.smt2
z3 error on file 443_bug272.minimized.smtv1.smt2
Error with file 443_bug272.minimized.smtv1.smt2
z3 error on file 444_bug272.minimized.smtv1.smt2
Error with file 444_bug272.minimized.smtv1.smt2
z3 error on file 445_bug272.minimized.smtv1.smt2
Error with file 445_bug272.minimized.smtv1.smt2
z3 error on file 446_bug272.minimized.smtv1.smt2
Error with file 446_bug272.minimized.smtv1.smt2
z3 error on file 447_bug272.minimized.smtv1.smt2
Error with file 447_bug272.minimized.smtv1.smt2
z3 error on file 448_bug272.minimized.smtv1.smt2
Error with file 448_bug272.minimized.smtv1.smt2
z3 error on file 449_bug272.minimized.smtv1.smt2
Error with file 449_bug272.minimized.smtv1.smt2
z3 error on file 450_bug272.minimized.smtv1.smt2
Error with file 450_bug272.minimized.smtv1.smt2
z3 error on file 451_bug272.minimized.smtv1.smt2
Error with file 451_bug272.minimized.smtv1.smt2
z3 error on file 452_bug272.minimized.smtv1.smt2
Error with file 452_bug272.minimized.smtv1.smt2
z3 error on file 453_bug272.minimized.smtv1.smt2
Error with file 453_bug272.minimized.smtv1.smt2
z3 error on file 454_bug272.minimized.smtv1.smt2
Error with file 454_bug272.minimized.smtv1.smt2
z3 error on file 455_bug272.minimized.smtv1.smt2
Error with file 455_bug272.minimized.smtv1.smt2
z3 error on file 456_bug272.minimized.smtv1.smt2
Error with file 456_bug272.minimized.smtv1.smt2
z3 error on file 457_bug272.minimized.smtv1.smt2
Error with file 457_bug272.minimized.smtv1.smt2
z3 error on file 458_bug272.minimized.smtv1.smt2
Error with file 458_bug272.minimized.smtv1.smt2
z3 error on file 459_bug272.minimized.smtv1.smt2
Error with file 459_bug272.minimized.smtv1.smt2
z3 error on file 460_bug272.minimized.smtv1.smt2
Error with file 460_bug272.minimized.smtv1.smt2
z3 error on file 461_bug272.minimized.smtv1.smt2
Error with file 461_bug272.minimized.smtv1.smt2
z3 error on file 462_bug272.minimized.smtv1.smt2
Error with file 462_bug272.minimized.smtv1.smt2
z3 error on file 463_bug272.minimized.smtv1.smt2
Error with file 463_bug272.minimized.smtv1.smt2
z3 error on file 464_bug272.minimized.smtv1.smt2
Error with file 464_bug272.minimized.smtv1.smt2
z3 error on file 465_bug272.minimized.smtv1.smt2
Error with file 465_bug272.minimized.smtv1.smt2
z3 error on file 466_bug272.minimized.smtv1.smt2
Error with file 466_bug272.minimized.smtv1.smt2
z3 error on file 467_bug272.minimized.smtv1.smt2
Error with file 467_bug272.minimized.smtv1.smt2
z3 error on file 468_bug272.minimized.smtv1.smt2
Error with file 468_bug272.minimized.smtv1.smt2
z3 error on file 469_bug272.minimized.smtv1.smt2
Error with file 469_bug272.minimized.smtv1.smt2
z3 error on file 470_bug272.minimized.smtv1.smt2
Error with file 470_bug272.minimized.smtv1.smt2
z3 error on file 471_bug272.minimized.smtv1.smt2
Error with file 471_bug272.minimized.smtv1.smt2
z3 error on file 472_bug272.minimized.smtv1.smt2
Error with file 472_bug272.minimized.smtv1.smt2
z3 error on file 473_bug272.minimized.smtv1.smt2
Error with file 473_bug272.minimized.smtv1.smt2
z3 error on file 474_bug272.minimized.smtv1.smt2
Error with file 474_bug272.minimized.smtv1.smt2
z3 error on file 475_bug272.minimized.smtv1.smt2
Error with file 475_bug272.minimized.smtv1.smt2
z3 error on file 476_bug272.minimized.smtv1.smt2
Error with file 476_bug272.minimized.smtv1.smt2
z3 error on file 477_bug272.minimized.smtv1.smt2
Error with file 477_bug272.minimized.smtv1.smt2
z3 error on file 478_bug272.minimized.smtv1.smt2
Error with file 478_bug272.minimized.smtv1.smt2
z3 error on file 479_bug272.minimized.smtv1.smt2
Error with file 479_bug272.minimized.smtv1.smt2
z3 error on file 480_bug272.minimized.smtv1.smt2
Error with file 480_bug272.minimized.smtv1.smt2
z3 error on file 481_bug272.minimized.smtv1.smt2
Error with file 481_bug272.minimized.smtv1.smt2
z3 error on file 482_bug272.minimized.smtv1.smt2
Error with file 482_bug272.minimized.smtv1.smt2
z3 error on file 483_bug272.minimized.smtv1.smt2
Error with file 483_bug272.minimized.smtv1.smt2
z3 error on file 484_bug272.minimized.smtv1.smt2
Error with file 484_bug272.minimized.smtv1.smt2
z3 error on file 485_bug272.minimized.smtv1.smt2
Error with file 485_bug272.minimized.smtv1.smt2
z3 error on file 486_bug272.minimized.smtv1.smt2
Error with file 486_bug272.minimized.smtv1.smt2
z3 error on file 487_bug272.minimized.smtv1.smt2
Error with file 487_bug272.minimized.smtv1.smt2
z3 error on file 488_bug272.minimized.smtv1.smt2
Error with file 488_bug272.minimized.smtv1.smt2
z3 error on file 489_bug272.minimized.smtv1.smt2
Error with file 489_bug272.minimized.smtv1.smt2
z3 error on file 490_bug272.minimized.smtv1.smt2
Error with file 490_bug272.minimized.smtv1.smt2
z3 error on file 491_bug272.minimized.smtv1.smt2
Error with file 491_bug272.minimized.smtv1.smt2
z3 error on file 492_bug272.minimized.smtv1.smt2
Error with file 492_bug272.minimized.smtv1.smt2
z3 error on file 493_bug272.minimized.smtv1.smt2
Error with file 493_bug272.minimized.smtv1.smt2
z3 error on file 494_bug272.minimized.smtv1.smt2
Error with file 494_bug272.minimized.smtv1.smt2
z3 error on file 495_bug272.minimized.smtv1.smt2
Error with file 495_bug272.minimized.smtv1.smt2
z3 error on file 496_bug272.minimized.smtv1.smt2
Error with file 496_bug272.minimized.smtv1.smt2
z3 error on file 497_bug272.minimized.smtv1.smt2
Error with file 497_bug272.minimized.smtv1.smt2
z3 error on file 498_bug272.minimized.smtv1.smt2
Error with file 498_bug272.minimized.smtv1.smt2
z3 error on file 499_bug272.minimized.smtv1.smt2
Error with file 499_bug272.minimized.smtv1.smt2
z3 error on file 500_bug272.minimized.smtv1.smt2
Error with file 500_bug272.minimized.smtv1.smt2
z3 error on file 501_bug272.minimized.smtv1.smt2
Error with file 501_bug272.minimized.smtv1.smt2
z3 error on file 502_bug272.minimized.smtv1.smt2
Error with file 502_bug272.minimized.smtv1.smt2
z3 error on file 503_bug272.minimized.smtv1.smt2
Error with file 503_bug272.minimized.smtv1.smt2
z3 error on file 504_bug272.minimized.smtv1.smt2
Error with file 504_bug272.minimized.smtv1.smt2
z3 error on file 505_bug272.minimized.smtv1.smt2
Error with file 505_bug272.minimized.smtv1.smt2
z3 error on file 506_bug272.minimized.smtv1.smt2
Error with file 506_bug272.minimized.smtv1.smt2
z3 error on file 507_bug272.minimized.smtv1.smt2
Error with file 507_bug272.minimized.smtv1.smt2
z3 error on file 508_bug272.minimized.smtv1.smt2
Error with file 508_bug272.minimized.smtv1.smt2
z3 error on file 509_bug272.minimized.smtv1.smt2
Error with file 509_bug272.minimized.smtv1.smt2
z3 error on file 510_bug272.minimized.smtv1.smt2
Error with file 510_bug272.minimized.smtv1.smt2
z3 error on file 511_bug272.minimized.smtv1.smt2
Error with file 511_bug272.minimized.smtv1.smt2
starting file "samples/small-1.smt2"
starting 1 iterations
starting file "samples/pbrewrites-test.smt2"
thread 'main' panicked at 'attempt to multiply with overflow', /rustc/b8cedc00407a4c56a3bda1ed605c6fc166655447/src/libcore/num/mod.rs:3835:24
note: run with `RUST_BACKTRACE=1` environment variable to display a backtrace
