[tool-version] Z3 4.8.8
[mk-app] #1 true
[mk-app] #2 false
[mk-app] #1 true
[mk-app] #2 false
[mk-app] #3 pi
[mk-app] #4 euler
[mk-var] datatype#0 0
[mk-var] datatype#1 1
[mk-app] datatype#2 insert datatype#0 datatype#1
[mk-app] datatype#3 pattern datatype#2
[mk-app] datatype#4 head datatype#2
[mk-app] datatype#5 = datatype#0 datatype#4
[mk-quant] datatype#6 constructor_accessor_axiom 2 datatype#3 datatype#5
[attach-var-names] datatype#6 (;k!0) (;List)
[mk-app] datatype#7 tail datatype#2
[mk-app] datatype#8 = datatype#1 datatype#7
[mk-quant] datatype#9 constructor_accessor_axiom 2 datatype#3 datatype#8
[attach-var-names] datatype#9 (;k!0) (;List)
[mk-app] #5 bv
[attach-meaning] #5 bv #b1
[mk-app] #6 bv
[attach-meaning] #6 bv #b0
[attach-meaning] #5 bv #b1
[attach-meaning] #6 bv #b0
[attach-meaning] #6 bv #b0
[mk-var] #7 0
[mk-var] #8 1
[mk-var] #9 2
[mk-var] #10 3
[mk-var] #11 4
[mk-var] #12 5
[mk-var] #13 6
[mk-var] #14 7
[mk-var] #15 8
[mk-var] #16 9
[mk-var] #17 10
[mk-var] #18 11
[mk-var] #19 12
[mk-var] #20 13
[mk-var] #21 14
[mk-app] #22 + #15 #13
[attach-enode] #1 0
[attach-enode] #2 0
[attach-meaning] #5 bv #b1
[attach-meaning] #6 bv #b0
[attach-meaning] #5 bv #b1
[attach-meaning] #6 bv #b0
[attach-meaning] #6 bv #b0
[attach-enode] #1 0
[attach-enode] #2 0
[attach-meaning] #6 bv #b0
[attach-enode] #1 0
[attach-enode] #2 0
[attach-meaning] #5 bv #b1
[attach-meaning] #6 bv #b0
[attach-meaning] #5 bv #b1
[attach-meaning] #6 bv #b0
[attach-meaning] #6 bv #b0
[attach-enode] #1 0
[attach-enode] #2 0
[attach-meaning] #6 bv #b0
[attach-enode] #1 0
[attach-enode] #2 0
[mk-app] #5 bv
[attach-meaning] #5 bv #b1
[mk-app] #6 bv
[attach-meaning] #6 bv #b0
[attach-meaning] #5 bv #b1
[attach-meaning] #6 bv #b0
[attach-meaning] #6 bv #b0
[mk-var] #15 0
[mk-var] #13 1
[mk-var] #22 2
[mk-var] #7 3
[mk-var] #21 4
[mk-var] #20 5
[mk-var] #19 6
[mk-var] #18 7
[mk-var] #17 8
[mk-var] #16 9
[mk-var] #14 10
[mk-var] #12 11
[mk-var] #11 12
[mk-var] #10 13
[mk-var] #9 14
[mk-app] #8 + #17 #19
[attach-enode] #1 0
[attach-enode] #2 0
[attach-meaning] #5 bv #b1
[attach-meaning] #6 bv #b0
[attach-meaning] #5 bv #b1
[attach-meaning] #6 bv #b0
[attach-meaning] #6 bv #b0
[attach-enode] #1 0
[attach-enode] #2 0
[attach-meaning] #6 bv #b0
[attach-enode] #1 0
[attach-enode] #2 0
[attach-meaning] #5 bv #b1
[attach-meaning] #6 bv #b0
[attach-meaning] #5 bv #b1
[attach-meaning] #6 bv #b0
[attach-meaning] #6 bv #b0
[attach-enode] #1 0
[attach-enode] #2 0
[attach-meaning] #6 bv #b0
[attach-enode] #1 0
[attach-enode] #2 0
[eof]
