smt2output.smt2
bv_to_int2.smt2
mult-pow2-negative.smt2
issue4007-rint-uf.smt2
bv2nat-ground.smt2
horn-ground-pre-post.smt2
ackermann8.smt2
loop006.smt2
pbrewrites-test.smt2
floor.smt2
qbv-test-invert-bvashr-0-neq.smt2
bv_consts_dec.smt2
invalid_dump.smt2
dt-proper-model.smt2
uf1.smt2
cnf-iff.smt2
qbv-test-invert-bvand-neq.smt2
qf-function.smt2
bv2nat-ground-c.smt2
arith.smt2
simple-lra.smt2
qcft-smtlib3dbc51.smt2
nl-eq-infer.smt2
qbv-multi-lit-uge.smt2
arith2.smt2
rel-trigger-unusable.smt2
pinto-model-core-ni.smt2
factor_agg_s.smt2
ackermann6.smt2
issue3995-fmf-var-op.smt2
let_shadowing.smt2
issue3813-massign-assert.smt2
RND_4_1-existing-inst.smt2
bt-test-01.smt2
errorcrash.smt2
quant-ex1.smt2
issue-variant-dt-zero.smt2
arith-tighten-1.smt2
arith-brab-test.smt2
qbv-test-invert-bvashr-0.smt2
bug749-rounding.smt2
tenum-bug.smt2
issue3814.smt2
no-minimal-sat.smt2
chained-equality.smt2
model-friendly.smt2
quant-Arrays_Q1-noinfer.smt2
simp-typ-test.smt2
bv_to_int_bitwise.smt2
krs-sat.smt2
delta-simp.smt2
problem__003.smt2
arith3.smt2
sort-inf-int-real.smt2
bug001.smt2
arith-strict-relaxed.smt2
arrays0.smt2
qbv-test-invert-bvurem-1.smt2
hash_sat_06_19.smt2
cnf-ite.smt2
tan-rewrite.smt2
jsat-2.6.smt2
qbv-test-invert-bvand.smt2
sb-wrong.smt2
issue3205.smt2
issue3407.smt2
burns4.smt2
clock-3.smt2
bound-int-alt.smt2
approx-sqrt-unsat.smt2
leq.smt2
sets-testlemma-ints.smt2
matching-lia-1arg.smt2
inst-prop-simp.smt2
empty_sort.smt2
empty_symbol_name.smt2
geq.smt2
mult.02.smt2
nra-translate-example-input.smt2
csp-prefix-exp-bug.smt2
issue3199.smt2
issue3247.smt2
simple-mono-unsat.smt2
gt.smt2
issue2060.smt2
issue3413.smt2
ALG008-1.smt2
qbv-test-invert-bvurem-1-neq.smt2
ackermann.real.smt2
bug547.2.smt2
div.08.smt2
is-even.smt2
nt-lemmas-bad.smt2
bignum_quant.smt2
issue4068-si-qf.smt2
clock-10.smt2
red-exp.smt2
str003.smt2
div.09.smt2
scrub.03.smt2
fmf-bound-2dim.smt2
qcf-rel-dom-opt.smt2
invalid_option_inc_proofs.smt2
simple-rdl.smt2
fmf-fun-no-elim-ext-arith.smt2
anti-sk-simp.smt2
issue3633.smt2
bug569.smt2
sin-init-tangents.smt2
div.06.smt2
issue3412.smt2
sin-sym.smt2
dump-inst-proof.smt2
shifting.smt2
bv_to_int_bvmul1.smt2
issue3317.smt2
bug187.smt2
array_card.smt2
issue4070.smt2
issue3200.smt2
cbqi-sdlx-fixpoint-3-dd.smt2
ext-ex-deq-trigger.smt2
bug782.smt2
bug337.smt2
qbv-test-invert-bvmul.smt2
gensys_brn001.smt2
agg-rew-test.smt2
inequality00.smt2
xs-11-20-5-2-5-3.smt2
sin-compare.smt2
bvslt.smt2
arith7.smt2
sin-cos-346-b-chunk-0169.smt2
bug291.smt2
is-even-pred.smt2
fib-core.smt2
issue3765-quant-dd.smt2
qbv-test-invert-bvashr-1-neq.smt2
issue916-fmf-or.smt2
bug3020.smt2
nf-ff-contains-abs.smt2
qbv-test-invert-bvlshr-0.smt2
qbv-test-invert-bvlshr-1.smt2
arrays3.smt2
bt-test-00.smt2
str006.smt2
issue789.smt2
issue2034-preinit.smt2
magnitude-wrong-1020-m.smt2
bvsmod.smt2
issue3316.smt2
shifting2.smt2
issue3652.smt2
uflia-error0.smt2
issue1399.smt2
metitarski-1025.smt2
very-simple-unsat.smt2
bug651.smt2
symmetric_unsat_7.smt2
bug338.smt2
issue3645-grammar-sets.smt2
ite3.smt2
real-div-ufnra.smt2
issue3729-cm-solved-tf.smt2
sqrt2-value.smt2
sin1-ub.smt2
tail_rec.smt2
horn-simple.smt2
mod.03.smt2
mul-neg-unsat.smt2
model-core.smt2
sin-sign.smt2
cos-bound.smt2
qbv-test-invert-concat-1-neq.smt2
sort-inf-int.smt2
pow2-bool.smt2
smtlib46f14a.smt2
smtlibe99bbe.smt2
repl-soundness-sem.smt2
str002.smt2
mirko-050417.smt2
parallel-let.smt2
qbv-test-invert-bvor.smt2
isaplanner-goal20.smt2
issue918.smt2
issue3411.smt2
arith4.smt2
strings-index-empty.smt2
ite_arith.smt2
approx-sqrt.smt2
bvuf_to_intuf_sorts.smt2
buggy-ite.smt2
mult1.smt2
issue3201.smt2
bug625.smt2
ari056.smt2
hash_sat_07_17.smt2
mult-po.smt2
coeff-sat.smt2
nl-pow-trick.smt2
opisavailable-12.smt2
eager-force-logic.smt2
error1.smt2
sets-testlemma.smt2
boolean-terms-bug-array.smt2
str001.smt2
arrays4.smt2
div.07.smt2
fmf-fun-divisor-pp.smt2
sin-sym2.smt2
bug220.smt2
str007.smt2
bv_consts_bin.smt2
015-psyco-pp.smt2
issue993.smt2
sin1-sat.smt2
bug290.smt2
arrays2.smt2
issue3655.smt2
qbv-test-invert-concat-0-neq.smt2
bv-options4.smt2
qbv-inequality2.smt2
issue3664.smt2
disj-eval.smt2
solve-eq-small-qf-nra.smt2
issue3615.smt2
bug269.smt2
issue3441.smt2
rew-check1.smt2
rewrites-re-concat.smt2
str_unsound_ext_rew_eq.smt2
arith5.smt2
cos-sig-value.smt2
pure_dt_cbqi.smt2
agg-rew-test-cf.smt2
mod.02.smt2
simple.smt2
combine.smt2
bug336.smt2
bug544.smt2
bvsle.smt2
simple-mono.smt2
nia-wrong-tl.smt2
Arrays_Q1-noinfer.smt2
real-as-int.smt2
