unknown result for file 1_translator-example-input.smt2
(error "line 11 column 21: unknown parameter 're_elim'
unknown
unknown
unknown result for file 1_qbv-test-invert-bvand-neq.smt2
unknown
unknown result for file 1_qbv-multi-lit-uge.smt2
unknown result for file 1_rel-trigger-unusable.smt2
unknown result for file 1_issue-variant-dt-zero.smt2
unknown result for file 1_simple-matching.smt2
unknown result for file 1_matching-lia-1arg.smt2
unknown
unknown result for file 1_qbv-test-invert-bvurem-1-neq.smt2
unknown result for file 1_is-even.smt2
unknown result for file 1_fmf-fun-no-elim-ext-arith.smt2
unknown result for file 1_bug782.smt2
unknown result for file 1_agg-rew-test.smt2
unknown result for file 1_sin-compare.smt2
unknown result for file 1_bug291.smt2
unknown result for file 1_is-even-pred.smt2
unknown result for file 1_issue3765-quant-dd.smt2
unknown result for file 1_qbv-test-invert-bvashr-1-neq.smt2
unknown result for file 1_issue916-fmf-or.smt2
unknown result for file 1_sets-translate-example-input.smt2
unknown result for file 1_issue3316.smt2
unknown result for file 1_bug651.smt2
unknown result for file 1_tail_rec.smt2
unknown result for file 1_pow2-bool.smt2
(error "line 9 column 28: unknown parameter 'sort_inference'
unknown
unknown result for file 1_nl-pow-trick.smt2
(error "line 46 column 25: unknown parameter 'strings_fmf'
unknown
unknown result for file 1_qbv-test-invert-concat-0-neq.smt2
unknown result for file 1_agg-rew-test-cf.smt2
